SF:/Users/bernhardrichter/GitHub/LightMock/src/LightMock/ExpressionReflect/Evaluator.cs
FN:21,System.Linq.Expressions.Expression ExpressionReflect.Evaluator::PartialEval(System.Linq.Expressions.Expression)
FNDA:0,System.Linq.Expressions.Expression ExpressionReflect.Evaluator::PartialEval(System.Linq.Expressions.Expression)
DA:22,0
FN:32,System.Linq.Expressions.Expression ExpressionReflect.Evaluator::PartialEval(System.Linq.Expressions.Expression,System.Func`2<System.Linq.Expressions.Expression,System.Boolean>)
FNDA:105,System.Linq.Expressions.Expression ExpressionReflect.Evaluator::PartialEval(System.Linq.Expressions.Expression,System.Func`2<System.Linq.Expressions.Expression,System.Boolean>)
DA:33,105
FN:37,System.Boolean ExpressionReflect.Evaluator::CanBeEvaluatedLocally(System.Linq.Expressions.Expression)
FNDA:0,System.Boolean ExpressionReflect.Evaluator::CanBeEvaluatedLocally(System.Linq.Expressions.Expression)
DA:38,0
FN:54,System.Linq.Expressions.Expression ExpressionReflect.Evaluator/SubtreeEvaluator::Eval(System.Linq.Expressions.Expression)
FNDA:105,System.Linq.Expressions.Expression ExpressionReflect.Evaluator/SubtreeEvaluator::Eval(System.Linq.Expressions.Expression)
DA:55,105
FN:59,System.Linq.Expressions.Expression ExpressionReflect.Evaluator/SubtreeEvaluator::Visit(System.Linq.Expressions.Expression)
FNDA:740,System.Linq.Expressions.Expression ExpressionReflect.Evaluator/SubtreeEvaluator::Visit(System.Linq.Expressions.Expression)
DA:60,740
DA:62,42
DA:64,698
DA:66,139
DA:68,559
BRDA:60,1,0,42
BRDA:60,1,1,698
BRDA:64,17,0,139
BRDA:64,17,1,559
FN:72,System.Linq.Expressions.Expression ExpressionReflect.Evaluator/SubtreeEvaluator::Evaluate(System.Linq.Expressions.Expression)
FNDA:139,System.Linq.Expressions.Expression ExpressionReflect.Evaluator/SubtreeEvaluator::Evaluate(System.Linq.Expressions.Expression)
DA:73,139
DA:75,67
DA:78,72
DA:79,72
DA:80,72
BRDA:73,8,0,67
BRDA:73,8,1,72
FN:47,System.Void ExpressionReflect.Evaluator/SubtreeEvaluator::.ctor(System.Collections.Generic.IDictionary`2<System.Linq.Expressions.Expression,System.Linq.Expressions.Expression>)
FNDA:105,System.Void ExpressionReflect.Evaluator/SubtreeEvaluator::.ctor(System.Collections.Generic.IDictionary`2<System.Linq.Expressions.Expression,System.Linq.Expressions.Expression>)
DA:48,105
DA:50,105
DA:51,105
FN:100,System.Collections.Generic.IDictionary`2<System.Linq.Expressions.Expression,System.Linq.Expressions.Expression> ExpressionReflect.Evaluator/Nominator::Nominate(System.Linq.Expressions.Expression)
FNDA:105,System.Collections.Generic.IDictionary`2<System.Linq.Expressions.Expression,System.Linq.Expressions.Expression> ExpressionReflect.Evaluator/Nominator::Nominate(System.Linq.Expressions.Expression)
DA:101,105
DA:102,105
DA:103,105
FN:107,System.Linq.Expressions.Expression ExpressionReflect.Evaluator/Nominator::Visit(System.Linq.Expressions.Expression)
FNDA:812,System.Linq.Expressions.Expression ExpressionReflect.Evaluator/Nominator::Visit(System.Linq.Expressions.Expression)
DA:108,812
DA:110,769
DA:111,769
DA:112,769
DA:113,769
DA:115,467
DA:117,210
DA:121,257
DA:124,769
DA:126,812
BRDA:108,1,0,769
BRDA:113,31,0,467
BRDA:115,45,0,210
BRDA:115,59,0,210
BRDA:115,45,1,257
BRDA:115,59,1,257
BRDA:113,31,1,769
BRDA:108,1,1,812
FN:93,System.Void ExpressionReflect.Evaluator/Nominator::.ctor(System.Func`2<System.Linq.Expressions.Expression,System.Boolean>)
FNDA:105,System.Void ExpressionReflect.Evaluator/Nominator::.ctor(System.Func`2<System.Linq.Expressions.Expression,System.Boolean>)
DA:94,105
DA:96,105
DA:97,105
LF:33
LH:31
BRF:14
BRH:14
FNF:10
FNH:8
end_of_record
SF:/Users/bernhardrichter/GitHub/LightMock/src/LightMock/ExpressionReflect/ExpressionExecutionException.cs
FN:6,System.Void ExpressionReflect.ExpressionExecutionException::.ctor()
FNDA:0,System.Void ExpressionReflect.ExpressionExecutionException::.ctor()
DA:7,0
DA:9,0
FN:11,System.Void ExpressionReflect.ExpressionExecutionException::.ctor(System.String)
FNDA:0,System.Void ExpressionReflect.ExpressionExecutionException::.ctor(System.String)
DA:12,0
DA:14,0
FN:16,System.Void ExpressionReflect.ExpressionExecutionException::.ctor(System.String,System.Exception)
FNDA:0,System.Void ExpressionReflect.ExpressionExecutionException::.ctor(System.String,System.Exception)
DA:17,0
DA:19,0
LF:6
LH:0
BRF:0
BRH:0
FNF:3
FNH:0
end_of_record
SF:/Users/bernhardrichter/GitHub/LightMock/src/LightMock/ExpressionReflect/ExpressionExtensions.cs
FN:8,System.Object ExpressionReflect.ExpressionExtensions::Execute(System.Linq.Expressions.Expression,System.Object[])
FNDA:140,System.Object ExpressionReflect.ExpressionExtensions::Execute(System.Linq.Expressions.Expression,System.Object[])
DA:9,140
DA:10,140
DA:11,140
LF:3
LH:3
BRF:0
BRH:0
FNF:1
FNH:1
end_of_record
SF:/Users/bernhardrichter/GitHub/LightMock/src/LightMock/ExpressionReflect/ExpressionReflectorExecutor.cs
FN:36,System.Object ExpressionReflect.ExpressionReflectionExecutor::Execute(System.Object[],System.Boolean)
FNDA:140,System.Object ExpressionReflect.ExpressionReflectionExecutor::Execute(System.Object[],System.Boolean)
DA:37,140
DA:38,140
DA:39,140
DA:41,140
DA:43,0
DA:45,140
DA:47,0
DA:50,140
DA:52,140
DA:54,140
DA:57,140
BRDA:41,48,0,0
BRDA:41,48,1,140
BRDA:45,62,0,140
BRDA:45,76,0,0
BRDA:45,62,1,140
BRDA:45,76,1,140
BRDA:52,92,0,140
BRDA:52,92,1,140
FN:62,System.Linq.Expressions.Expression ExpressionReflect.ExpressionReflectionExecutor::VisitLambda(System.Linq.Expressions.Expression`1<T>)
FNDA:0,System.Linq.Expressions.Expression ExpressionReflect.ExpressionReflectionExecutor::VisitLambda(System.Linq.Expressions.Expression`1<T>)
DA:63,0
DA:65,0
DA:67,0
DA:68,0
DA:70,0
DA:72,0
DA:74,0
DA:76,0
DA:78,0
DA:81,0
DA:83,0
DA:86,0
DA:88,0
DA:89,0
DA:90,0
DA:92,0
BRDA:68,17,0,0
BRDA:68,17,1,0
BRDA:72,33,0,0
BRDA:72,33,1,0
BRDA:76,49,0,0
BRDA:76,49,1,0
BRDA:81,63,0,0
BRDA:81,63,1,0
FN:98,System.Linq.Expressions.Expression ExpressionReflect.ExpressionReflectionExecutor::VisitParameter(System.Linq.Expressions.ParameterExpression)
FNDA:35,System.Linq.Expressions.Expression ExpressionReflect.ExpressionReflectionExecutor::VisitParameter(System.Linq.Expressions.ParameterExpression)
DA:99,35
DA:101,35
DA:102,35
DA:104,35
FN:108,System.Linq.Expressions.Expression ExpressionReflect.ExpressionReflectionExecutor::VisitMember(System.Linq.Expressions.MemberExpression)
FNDA:72,System.Linq.Expressions.Expression ExpressionReflect.ExpressionReflectionExecutor::VisitMember(System.Linq.Expressions.MemberExpression)
DA:109,72
DA:110,72
DA:112,72
DA:114,0
DA:115,0
DA:117,0
DA:119,0
DA:120,0
DA:121,0
DA:123,72
DA:125,72
DA:126,72
DA:128,71
DA:130,72
DA:131,72
DA:132,72
DA:135,72
BRDA:112,20,0,0
BRDA:115,40,0,0
BRDA:115,40,1,0
BRDA:112,20,1,72
BRDA:123,81,0,72
BRDA:126,96,0,71
BRDA:126,96,1,72
BRDA:123,81,1,72
FN:139,System.Linq.Expressions.Expression ExpressionReflect.ExpressionReflectionExecutor::VisitMethodCall(System.Linq.Expressions.MethodCallExpression)
FNDA:1,System.Linq.Expressions.Expression ExpressionReflect.ExpressionReflectionExecutor::VisitMethodCall(System.Linq.Expressions.MethodCallExpression)
DA:140,1
DA:142,1
DA:143,1
DA:145,1
DA:147,1
DA:151,1
DA:152,1
DA:154,1
DA:157,1
DA:159,0
DA:162,1
BRDA:145,33,0,1
BRDA:145,33,1,1
BRDA:157,79,0,0
BRDA:157,79,1,1
FN:166,System.Linq.Expressions.Expression ExpressionReflect.ExpressionReflectionExecutor::VisitInvocation(System.Linq.Expressions.InvocationExpression)
FNDA:0,System.Linq.Expressions.Expression ExpressionReflect.ExpressionReflectionExecutor::VisitInvocation(System.Linq.Expressions.InvocationExpression)
DA:167,0
DA:169,0
DA:171,0
DA:173,0
DA:176,0
DA:178,0
DA:180,0
DA:181,0
DA:185,0
DA:187,0
BRDA:171,20,0,0
BRDA:178,53,0,0
BRDA:171,20,1,0
BRDA:178,53,1,0
FN:191,System.Linq.Expressions.Expression ExpressionReflect.ExpressionReflectionExecutor::VisitNew(System.Linq.Expressions.NewExpression)
FNDA:0,System.Linq.Expressions.Expression ExpressionReflect.ExpressionReflectionExecutor::VisitNew(System.Linq.Expressions.NewExpression)
DA:192,0
DA:194,0
DA:195,0
DA:197,0
DA:198,0
DA:200,0
FN:204,System.Linq.Expressions.Expression ExpressionReflect.ExpressionReflectionExecutor::VisitBinary(System.Linq.Expressions.BinaryExpression)
FNDA:35,System.Linq.Expressions.Expression ExpressionReflect.ExpressionReflectionExecutor::VisitBinary(System.Linq.Expressions.BinaryExpression)
DA:205,35
DA:209,35
DA:211,35
DA:212,35
DA:215,32
DA:219,3
DA:222,0
DA:223,0
DA:225,0
DA:226,0
DA:228,0
DA:229,0
DA:231,0
DA:232,0
DA:234,0
DA:235,0
DA:237,0
DA:238,0
DA:240,0
DA:241,0
DA:243,0
DA:244,0
DA:246,1
DA:247,1
DA:249,0
DA:250,0
DA:252,0
DA:253,0
DA:255,0
DA:256,0
DA:258,0
DA:259,0
DA:261,0
DA:262,0
DA:264,0
DA:265,0
DA:267,1
DA:268,1
DA:270,0
DA:271,0
DA:273,0
DA:274,0
DA:276,0
DA:277,0
DA:279,0
DA:280,0
DA:282,0
DA:283,0
DA:285,0
DA:286,0
DA:288,1
DA:289,1
DA:290,1
DA:292,0
DA:296,35
DA:297,35
DA:298,35
DA:300,35
BRDA:212,30,0,32
BRDA:212,30,1,3
BRDA:219,56,1,0
BRDA:219,56,2,0
BRDA:219,56,43,0
BRDA:219,56,44,0
BRDA:219,56,27,0
BRDA:219,56,28,0
BRDA:219,56,13,0
BRDA:219,56,26,0
BRDA:219,56,14,1
BRDA:219,56,36,0
BRDA:219,56,3,0
BRDA:219,56,4,0
BRDA:255,618,0,0
BRDA:255,618,1,0
BRDA:219,56,37,0
BRDA:219,56,38,0
BRDA:261,690,0,0
BRDA:261,690,1,0
BRDA:219,56,15,0
BRDA:219,56,21,1
BRDA:219,56,22,0
BRDA:219,56,16,0
BRDA:219,56,17,0
BRDA:219,56,42,0
BRDA:219,56,20,0
BRDA:219,56,8,0
BRDA:285,969,0,0
BRDA:285,969,1,0
BRDA:219,56,6,1
BRDA:219,56,0,0
BRDA:219,56,5,0
BRDA:219,56,7,0
BRDA:219,56,9,0
BRDA:219,56,10,0
BRDA:219,56,11,0
BRDA:219,56,12,0
BRDA:219,56,18,0
BRDA:219,56,19,0
BRDA:219,56,23,0
BRDA:219,56,24,0
BRDA:219,56,25,0
BRDA:219,56,29,0
BRDA:219,56,30,0
BRDA:219,56,31,0
BRDA:219,56,32,0
BRDA:219,56,33,0
BRDA:219,56,34,0
BRDA:219,56,35,0
BRDA:219,56,39,0
BRDA:219,56,40,0
BRDA:219,56,41,0
FN:304,System.Linq.Expressions.Expression ExpressionReflect.ExpressionReflectionExecutor::VisitTypeBinary(System.Linq.Expressions.TypeBinaryExpression)
FNDA:0,System.Linq.Expressions.Expression ExpressionReflect.ExpressionReflectionExecutor::VisitTypeBinary(System.Linq.Expressions.TypeBinaryExpression)
DA:305,0
DA:307,0
DA:308,0
DA:310,0
DA:311,0
DA:313,0
FN:317,System.Linq.Expressions.Expression ExpressionReflect.ExpressionReflectionExecutor::VisitUnary(System.Linq.Expressions.UnaryExpression)
FNDA:2,System.Linq.Expressions.Expression ExpressionReflect.ExpressionReflectionExecutor::VisitUnary(System.Linq.Expressions.UnaryExpression)
DA:318,2
DA:321,2
DA:323,2
DA:324,2
DA:327,0
DA:331,2
DA:334,0
DA:335,0
DA:337,0
DA:338,0
DA:340,0
DA:342,0
DA:346,0
DA:348,0
DA:351,1
DA:352,1
DA:354,0
DA:355,0
DA:357,1
DA:358,1
DA:362,0
DA:363,0
DA:364,0
DA:366,0
DA:367,0
DA:370,0
DA:374,2
DA:375,2
DA:377,2
BRDA:324,29,0,0
BRDA:324,29,1,2
BRDA:331,66,0,2
BRDA:331,71,0,1
BRDA:331,80,0,0
BRDA:331,66,1,0
BRDA:331,103,0,0
BRDA:331,109,0,0
BRDA:331,103,1,0
BRDA:331,126,0,0
BRDA:331,109,1,0
BRDA:331,115,1,0
BRDA:331,126,1,0
BRDA:340,184,0,0
BRDA:340,184,1,0
BRDA:331,80,1,1
BRDA:331,89,1,0
BRDA:331,71,1,1
BRDA:331,132,1,0
BRDA:331,89,0,0
BRDA:331,115,0,0
BRDA:331,132,0,0
FN:381,System.Linq.Expressions.Expression ExpressionReflect.ExpressionReflectionExecutor::VisitConditional(System.Linq.Expressions.ConditionalExpression)
FNDA:0,System.Linq.Expressions.Expression ExpressionReflect.ExpressionReflectionExecutor::VisitConditional(System.Linq.Expressions.ConditionalExpression)
DA:382,0
DA:384,0
DA:385,0
DA:386,0
DA:388,0
DA:389,0
DA:391,0
BRDA:388,32,0,0
BRDA:388,32,1,0
FN:395,System.Linq.Expressions.Expression ExpressionReflect.ExpressionReflectionExecutor::VisitConstant(System.Linq.Expressions.ConstantExpression)
FNDA:140,System.Linq.Expressions.Expression ExpressionReflect.ExpressionReflectionExecutor::VisitConstant(System.Linq.Expressions.ConstantExpression)
DA:396,140
DA:397,140
FN:401,System.Linq.Expressions.Expression ExpressionReflect.ExpressionReflectionExecutor::VisitNewArray(System.Linq.Expressions.NewArrayExpression)
FNDA:0,System.Linq.Expressions.Expression ExpressionReflect.ExpressionReflectionExecutor::VisitNewArray(System.Linq.Expressions.NewArrayExpression)
DA:402,0
DA:405,0
DA:407,0
DA:410,0
DA:411,0
DA:412,0
DA:414,0
DA:415,0
DA:416,0
DA:417,0
DA:419,0
DA:422,0
DA:424,0
BRDA:407,32,0,0
BRDA:407,38,0,0
BRDA:407,32,1,0
BRDA:407,38,1,0
FN:428,System.Linq.Expressions.Expression ExpressionReflect.ExpressionReflectionExecutor::VisitMemberInit(System.Linq.Expressions.MemberInitExpression)
FNDA:0,System.Linq.Expressions.Expression ExpressionReflect.ExpressionReflectionExecutor::VisitMemberInit(System.Linq.Expressions.MemberInitExpression)
DA:429,0
DA:432,0
DA:435,0
DA:438,0
DA:440,0
DA:441,0
DA:442,0
DA:444,0
DA:445,0
DA:446,0
DA:448,0
DA:450,0
DA:451,0
DA:452,0
DA:457,0
DA:459,0
BRDA:438,133,1,0
BRDA:442,63,0,0
BRDA:442,63,1,0
BRDA:448,95,0,0
BRDA:448,95,1,0
BRDA:438,133,0,0
FN:463,System.Linq.Expressions.Expression ExpressionReflect.ExpressionReflectionExecutor::VisitListInit(System.Linq.Expressions.ListInitExpression)
FNDA:0,System.Linq.Expressions.Expression ExpressionReflect.ExpressionReflectionExecutor::VisitListInit(System.Linq.Expressions.ListInitExpression)
DA:464,0
DA:467,0
DA:468,0
DA:469,0
DA:472,0
DA:475,0
DA:477,0
DA:479,0
DA:480,0
DA:482,0
DA:483,0
DA:484,0
DA:487,0
DA:488,0
DA:492,0
DA:494,0
BRDA:475,152,1,0
BRDA:480,124,1,0
BRDA:480,124,0,0
BRDA:475,152,0,0
FN:498,System.Object[] ExpressionReflect.ExpressionReflectionExecutor::GetValuesFromStack(System.Int32)
FNDA:36,System.Object[] ExpressionReflect.ExpressionReflectionExecutor::GetValuesFromStack(System.Int32)
DA:499,36
DA:501,214
DA:503,71
DA:504,71
DA:507,36
BRDA:501,30,1,71
BRDA:501,30,0,36
FN:515,System.Object ExpressionReflect.ExpressionReflectionExecutor::GetValueFromStack()
FNDA:285,System.Object ExpressionReflect.ExpressionReflectionExecutor::GetValueFromStack()
DA:516,285
DA:517,285
FN:521,System.Void ExpressionReflect.ExpressionReflectionExecutor::Initialize()
FNDA:140,System.Void ExpressionReflect.ExpressionReflectionExecutor::Initialize()
DA:522,140
DA:523,140
FN:526,System.Collections.Generic.IDictionary`2<System.String,System.Object> ExpressionReflect.ExpressionReflectionExecutor::InitializeArgs(System.Linq.Expressions.LambdaExpression,System.Object[])
FNDA:140,System.Collections.Generic.IDictionary`2<System.String,System.Object> ExpressionReflect.ExpressionReflectionExecutor::InitializeArgs(System.Linq.Expressions.LambdaExpression,System.Object[])
DA:527,140
DA:529,140
DA:530,416
DA:532,68
DA:533,68
DA:536,140
BRDA:530,54,1,68
BRDA:530,54,0,140
FN:540,System.Reflection.MethodInfo ExpressionReflect.ExpressionReflectionExecutor::FindMethod(System.String,System.Type[])
FNDA:0,System.Reflection.MethodInfo ExpressionReflect.ExpressionReflectionExecutor::FindMethod(System.String,System.Type[])
DA:541,0
DA:543,0
DA:544,0
DA:547,0
DA:549,0
DA:550,0
DA:551,0
DA:552,0
DA:556,0
BRDA:544,109,1,0
BRDA:547,80,0,0
BRDA:549,88,0,0
BRDA:549,88,1,0
BRDA:547,80,1,0
BRDA:544,109,0,0
FN:560,TResult ExpressionReflect.ExpressionReflectionExecutor::Func(T)
FNDA:0,TResult ExpressionReflect.ExpressionReflectionExecutor::Func(T)
DA:561,0
FN:565,TResult ExpressionReflect.ExpressionReflectionExecutor::Func(T1,T2)
FNDA:0,TResult ExpressionReflect.ExpressionReflectionExecutor::Func(T1,T2)
DA:566,0
FN:570,TResult ExpressionReflect.ExpressionReflectionExecutor::Func(T1,T2,T3)
FNDA:0,TResult ExpressionReflect.ExpressionReflectionExecutor::Func(T1,T2,T3)
DA:571,0
FN:575,TResult ExpressionReflect.ExpressionReflectionExecutor::Func(T1,T2,T3,T4)
FNDA:0,TResult ExpressionReflect.ExpressionReflectionExecutor::Func(T1,T2,T3,T4)
DA:576,0
FN:580,System.Void ExpressionReflect.ExpressionReflectionExecutor::Action()
FNDA:0,System.Void ExpressionReflect.ExpressionReflectionExecutor::Action()
DA:581,0
DA:582,0
FN:585,System.Void ExpressionReflect.ExpressionReflectionExecutor::Action(T)
FNDA:0,System.Void ExpressionReflect.ExpressionReflectionExecutor::Action(T)
DA:586,0
DA:587,0
FN:590,System.Void ExpressionReflect.ExpressionReflectionExecutor::Action(T1,T2)
FNDA:0,System.Void ExpressionReflect.ExpressionReflectionExecutor::Action(T1,T2)
DA:591,0
DA:592,0
FN:595,System.Void ExpressionReflect.ExpressionReflectionExecutor::Action(T1,T2,T3)
FNDA:0,System.Void ExpressionReflect.ExpressionReflectionExecutor::Action(T1,T2,T3)
DA:596,0
DA:597,0
FN:600,System.Void ExpressionReflect.ExpressionReflectionExecutor::Action(T1,T2,T3,T4)
FNDA:0,System.Void ExpressionReflect.ExpressionReflectionExecutor::Action(T1,T2,T3,T4)
DA:601,0
DA:602,0
FN:605,System.Boolean ExpressionReflect.ExpressionReflectionExecutor::Predicate(T)
FNDA:0,System.Boolean ExpressionReflect.ExpressionReflectionExecutor::Predicate(T)
DA:606,0
FN:610,System.Object ExpressionReflect.ExpressionReflectionExecutor::ExecuteReflector(System.Object[])
FNDA:0,System.Object ExpressionReflect.ExpressionReflectionExecutor::ExecuteReflector(System.Object[])
DA:611,0
DA:612,0
FN:16,System.Void ExpressionReflect.ExpressionReflectionExecutor::.ctor(System.Linq.Expressions.Expression)
FNDA:140,System.Void ExpressionReflect.ExpressionReflectionExecutor::.ctor(System.Linq.Expressions.Expression)
DA:17,140
DA:18,140
DA:19,140
DA:25,140
DA:27,140
DA:28,140
LF:269
LH:86
BRF:133
BRH:28
FNF:32
FNH:12
end_of_record
SF:/Users/bernhardrichter/GitHub/LightMock/src/LightMock/ExpressionReflect/TypeExtensions.cs
FN:9,System.Boolean ExpressionReflect.TypeExtensions::IsFunc(System.Type)
FNDA:0,System.Boolean ExpressionReflect.TypeExtensions::IsFunc(System.Type)
DA:10,0
DA:12,0
DA:14,0
DA:15,0
DA:16,0
DA:17,0
DA:18,0
DA:19,0
DA:22,0
BRDA:12,13,0,0
BRDA:15,38,0,0
BRDA:15,56,0,0
BRDA:15,74,0,0
BRDA:15,92,0,0
BRDA:15,38,1,0
BRDA:15,56,1,0
BRDA:15,74,1,0
BRDA:15,92,1,0
BRDA:12,13,1,0
FN:26,System.Boolean ExpressionReflect.TypeExtensions::IsAction(System.Type)
FNDA:0,System.Boolean ExpressionReflect.TypeExtensions::IsAction(System.Type)
DA:27,0
DA:29,0
DA:31,0
DA:33,0
DA:34,0
DA:35,0
DA:36,0
DA:37,0
DA:40,0
BRDA:29,28,0,0
BRDA:33,38,0,0
BRDA:33,56,0,0
BRDA:33,74,0,0
BRDA:33,92,0,0
BRDA:33,38,1,0
BRDA:33,56,1,0
BRDA:33,74,1,0
BRDA:33,92,1,0
BRDA:29,28,1,0
FN:44,System.Boolean ExpressionReflect.TypeExtensions::IsPredicate(System.Type)
FNDA:0,System.Boolean ExpressionReflect.TypeExtensions::IsPredicate(System.Type)
DA:45,0
DA:47,0
DA:49,0
DA:50,0
DA:53,0
BRDA:47,13,0,0
BRDA:47,13,1,0
FN:57,System.Boolean ExpressionReflect.TypeExtensions::IsInstanceOfType(System.Type,System.Object)
FNDA:0,System.Boolean ExpressionReflect.TypeExtensions::IsInstanceOfType(System.Type,System.Object)
DA:58,0
BRDA:58,1,0,0
BRDA:58,1,1,0
LF:24
LH:0
BRF:24
BRH:0
FNF:4
FNH:0
end_of_record
SF:/Users/bernhardrichter/GitHub/LightMock/src/LightMock/Arrangement.cs
FN:56,System.Void LightMock.Arrangement::Throws()
FNDA:2,System.Void LightMock.Arrangement::Throws()
DA:57,2
DA:58,1
BRDA:57,12,0,1
BRDA:57,12,1,1
FN:66,System.Void LightMock.Arrangement::Throws(System.Func`1<TException>)
FNDA:2,System.Void LightMock.Arrangement::Throws(System.Func`1<TException>)
DA:67,2
DA:68,1
FN:75,System.Void LightMock.Arrangement::Callback(System.Action)
FNDA:2,System.Void LightMock.Arrangement::Callback(System.Action)
DA:76,2
DA:77,1
FN:85,System.Void LightMock.Arrangement::Callback(System.Action`1<T>)
FNDA:2,System.Void LightMock.Arrangement::Callback(System.Action`1<T>)
DA:86,2
DA:87,1
FN:96,System.Void LightMock.Arrangement::Callback(System.Action`2<T1,T2>)
FNDA:2,System.Void LightMock.Arrangement::Callback(System.Action`2<T1,T2>)
DA:97,2
DA:98,1
FN:108,System.Void LightMock.Arrangement::Callback(System.Action`3<T1,T2,T3>)
FNDA:2,System.Void LightMock.Arrangement::Callback(System.Action`3<T1,T2,T3>)
DA:109,2
DA:110,1
FN:121,System.Void LightMock.Arrangement::Callback(System.Action`4<T1,T2,T3,T4>)
FNDA:2,System.Void LightMock.Arrangement::Callback(System.Action`4<T1,T2,T3,T4>)
DA:122,2
DA:123,1
FN:135,System.Void LightMock.Arrangement::Callback(System.Action`5<T1,T2,T3,T4,T5>)
FNDA:2,System.Void LightMock.Arrangement::Callback(System.Action`5<T1,T2,T3,T4,T5>)
DA:136,2
DA:137,1
FN:150,System.Void LightMock.Arrangement::Callback(System.Action`6<T1,T2,T3,T4,T5,T6>)
FNDA:2,System.Void LightMock.Arrangement::Callback(System.Action`6<T1,T2,T3,T4,T5,T6>)
DA:151,2
DA:152,1
FN:160,System.Boolean LightMock.Arrangement::Matches(LightMock.InvocationInfo)
FNDA:23,System.Boolean LightMock.Arrangement::Matches(LightMock.InvocationInfo)
DA:161,23
FN:170,System.Object LightMock.Arrangement::Execute(System.Object[])
FNDA:60,System.Object LightMock.Arrangement::Execute(System.Object[])
DA:171,60
DA:173,9
DA:176,20
BRDA:171,34,1,9
BRDA:171,34,0,20
FN:38,System.Void LightMock.Arrangement::.ctor(System.Linq.Expressions.LambdaExpression)
FNDA:20,System.Void LightMock.Arrangement::.ctor(System.Linq.Expressions.LambdaExpression)
DA:39,20
DA:46,20
DA:48,20
DA:49,20
LF:26
LH:26
BRF:4
BRH:4
FNF:12
FNH:12
end_of_record
SF:/Users/bernhardrichter/GitHub/LightMock/src/LightMock/ArrangementOfT.cs
FN:60,System.Void LightMock.Arrangement`1::Returns(TResult)
FNDA:1,System.Void LightMock.Arrangement`1::Returns(TResult)
DA:61,1
DA:62,1
FN:70,System.Void LightMock.Arrangement`1::Returns(System.Func`1<TResult>)
FNDA:4,System.Void LightMock.Arrangement`1::Returns(System.Func`1<TResult>)
DA:71,4
DA:72,2
FN:81,System.Void LightMock.Arrangement`1::Returns(System.Func`2<T,TResult>)
FNDA:8,System.Void LightMock.Arrangement`1::Returns(System.Func`2<T,TResult>)
DA:82,8
DA:83,4
FN:93,System.Void LightMock.Arrangement`1::Returns(System.Func`3<T1,T2,TResult>)
FNDA:2,System.Void LightMock.Arrangement`1::Returns(System.Func`3<T1,T2,TResult>)
DA:94,2
DA:95,1
FN:106,System.Void LightMock.Arrangement`1::Returns(System.Func`4<T1,T2,T3,TResult>)
FNDA:2,System.Void LightMock.Arrangement`1::Returns(System.Func`4<T1,T2,T3,TResult>)
DA:107,2
DA:108,1
FN:120,System.Void LightMock.Arrangement`1::Returns(System.Func`5<T1,T2,T3,T4,TResult>)
FNDA:2,System.Void LightMock.Arrangement`1::Returns(System.Func`5<T1,T2,T3,T4,TResult>)
DA:121,2
DA:122,1
FN:130,System.Object LightMock.Arrangement`1::Execute(System.Object[])
FNDA:13,System.Object LightMock.Arrangement`1::Execute(System.Object[])
DA:131,13
DA:133,11
DA:135,9
DA:138,11
BRDA:133,14,0,9
BRDA:133,14,1,11
FN:50,System.Void LightMock.Arrangement`1::.ctor(System.Linq.Expressions.LambdaExpression)
FNDA:13,System.Void LightMock.Arrangement`1::.ctor(System.Linq.Expressions.LambdaExpression)
DA:51,13
DA:53,13
LF:18
LH:18
BRF:2
BRH:2
FNF:8
FNH:8
end_of_record
SF:/Users/bernhardrichter/GitHub/LightMock/src/LightMock/ExpressionExtensions.cs
FN:44,System.Linq.Expressions.LambdaExpression LightMock.ExpressionExtensions::Simplify(System.Linq.Expressions.LambdaExpression)
FNDA:105,System.Linq.Expressions.LambdaExpression LightMock.ExpressionExtensions::Simplify(System.Linq.Expressions.LambdaExpression)
DA:45,105
DA:47,105
DA:48,105
DA:49,572
BRDA:49,8,0,210
BRDA:49,8,1,257
FN:58,LightMock.InvocationInfo LightMock.ExpressionExtensions::ToInvocationInfo(System.Linq.Expressions.LambdaExpression)
FNDA:55,LightMock.InvocationInfo LightMock.ExpressionExtensions::ToInvocationInfo(System.Linq.Expressions.LambdaExpression)
DA:59,55
DA:60,55
FN:69,LightMock.MatchInfo LightMock.ExpressionExtensions::ToMatchInfo(System.Linq.Expressions.LambdaExpression)
FNDA:42,LightMock.MatchInfo LightMock.ExpressionExtensions::ToMatchInfo(System.Linq.Expressions.LambdaExpression)
DA:70,42
DA:71,42
LF:8
LH:8
BRF:2
BRH:2
FNF:3
FNH:3
end_of_record
SF:/Users/bernhardrichter/GitHub/LightMock/src/LightMock/InvocationInfo.cs
FN:63,System.Reflection.MemberInfo LightMock.InvocationInfo::get_Member()
FNDA:116,System.Reflection.MemberInfo LightMock.InvocationInfo::get_Member()
DA:64,116
FN:68,System.Object[] LightMock.InvocationInfo::get_Arguments()
FNDA:195,System.Object[] LightMock.InvocationInfo::get_Arguments()
DA:69,195
FN:73,System.Linq.Expressions.ExpressionType LightMock.InvocationInfo::get_ExpressionType()
FNDA:116,System.Linq.Expressions.ExpressionType LightMock.InvocationInfo::get_ExpressionType()
DA:74,116
FN:43,System.Void LightMock.InvocationInfo::.ctor(System.Reflection.MethodInfo,System.Object[])
FNDA:55,System.Void LightMock.InvocationInfo::.ctor(System.Reflection.MethodInfo,System.Object[])
DA:44,55
DA:46,55
DA:47,55
DA:48,55
DA:49,55
FN:54,System.Void LightMock.InvocationInfo::.ctor(System.Reflection.MemberInfo)
FNDA:4,System.Void LightMock.InvocationInfo::.ctor(System.Reflection.MemberInfo)
DA:55,4
DA:57,4
DA:58,4
DA:59,4
LF:12
LH:12
BRF:0
BRH:0
FNF:5
FNH:5
end_of_record
SF:/Users/bernhardrichter/GitHub/LightMock/src/LightMock/InvocationInfoBuilder.cs
FN:57,LightMock.InvocationInfo LightMock.InvocationInfoBuilder::Build(System.Linq.Expressions.LambdaExpression)
FNDA:55,LightMock.InvocationInfo LightMock.InvocationInfoBuilder::Build(System.Linq.Expressions.LambdaExpression)
DA:58,55
DA:59,55
DA:61,51
DA:62,51
DA:63,51
DA:65,51
DA:67,4
DA:68,4
DA:70,4
DA:71,4
DA:72,4
DA:75,0
BRDA:59,13,0,51
BRDA:59,13,1,4
BRDA:68,82,0,4
BRDA:68,82,1,0
FN:85,System.Linq.Expressions.Expression LightMock.InvocationInfoBuilder::VisitMethodCall(System.Linq.Expressions.MethodCallExpression)
FNDA:244,System.Linq.Expressions.Expression LightMock.InvocationInfoBuilder::VisitMethodCall(System.Linq.Expressions.MethodCallExpression)
DA:86,244
DA:88,71
DA:90,71
DA:94,51
BRDA:86,59,1,71
BRDA:88,29,0,71
BRDA:88,29,1,122
BRDA:86,59,0,51
LF:16
LH:15
BRF:8
BRH:7
FNF:2
FNH:2
end_of_record
SF:/Users/bernhardrichter/GitHub/LightMock/src/LightMock/Invoked.cs
FN:55,LightMock.Invoked LightMock.Invoked::get_Once()
FNDA:12,LightMock.Invoked LightMock.Invoked::get_Once()
DA:56,12
BRDA:56,6,0,1
BRDA:56,6,1,6
FN:66,LightMock.Invoked LightMock.Invoked::get_Never()
FNDA:4,LightMock.Invoked LightMock.Invoked::get_Never()
DA:67,4
BRDA:67,6,0,1
BRDA:67,6,1,2
FN:77,LightMock.Invoked LightMock.Invoked::AtLeast(System.Int32)
FNDA:16,LightMock.Invoked LightMock.Invoked::AtLeast(System.Int32)
DA:78,16
FN:87,LightMock.Invoked LightMock.Invoked::Exactly(System.Int32)
FNDA:6,LightMock.Invoked LightMock.Invoked::Exactly(System.Int32)
DA:88,6
FN:98,System.Boolean LightMock.Invoked::Verify(System.Int32)
FNDA:19,System.Boolean LightMock.Invoked::Verify(System.Int32)
DA:99,19
FN:43,System.Void LightMock.Invoked::.ctor(System.Func`2<System.Int32,System.Boolean>)
FNDA:19,System.Void LightMock.Invoked::.ctor(System.Func`2<System.Int32,System.Boolean>)
DA:44,19
DA:46,19
DA:47,19
LF:8
LH:8
BRF:4
BRH:4
FNF:6
FNH:6
end_of_record
SF:/Users/bernhardrichter/GitHub/LightMock/src/LightMock/MatchExpressionRewriter.cs
FN:23,System.Linq.Expressions.LambdaExpression LightMock.MatchExpressionRewriter::Rewrite(System.Linq.Expressions.LambdaExpression)
FNDA:105,System.Linq.Expressions.LambdaExpression LightMock.MatchExpressionRewriter::Rewrite(System.Linq.Expressions.LambdaExpression)
DA:24,105
FN:34,System.Linq.Expressions.Expression LightMock.MatchExpressionRewriter::VisitMember(System.Linq.Expressions.MemberExpression)
FNDA:117,System.Linq.Expressions.Expression LightMock.MatchExpressionRewriter::VisitMember(System.Linq.Expressions.MemberExpression)
DA:35,117
DA:37,117
DA:39,37
DA:42,80
BRDA:37,13,0,37
BRDA:37,13,1,80
FN:46,System.Boolean LightMock.MatchExpressionRewriter::RepresentsIsAnyValueProperty(System.Reflection.MemberInfo)
FNDA:117,System.Boolean LightMock.MatchExpressionRewriter::RepresentsIsAnyValueProperty(System.Reflection.MemberInfo)
DA:47,117
FN:51,System.Linq.Expressions.Expression LightMock.MatchExpressionRewriter::CreateMethodCallExpression(System.Reflection.MemberInfo)
FNDA:37,System.Linq.Expressions.Expression LightMock.MatchExpressionRewriter::CreateMethodCallExpression(System.Reflection.MemberInfo)
DA:52,37
DA:53,37
DA:54,37
DA:55,37
DA:56,37
FN:61,System.Reflection.MethodInfo LightMock.MatchExpressionRewriter::GetIsMethod(System.Reflection.MemberInfo)
FNDA:111,System.Reflection.MethodInfo LightMock.MatchExpressionRewriter::GetIsMethod(System.Reflection.MemberInfo)
DA:62,111
FN:67,System.Type LightMock.MatchExpressionRewriter::GetParameterType(System.Reflection.MemberInfo)
FNDA:37,System.Type LightMock.MatchExpressionRewriter::GetParameterType(System.Reflection.MemberInfo)
DA:68,37
LF:13
LH:13
BRF:2
BRH:2
FNF:6
FNH:6
end_of_record
SF:/Users/bernhardrichter/GitHub/LightMock/src/LightMock/MatchInfo.cs
FN:73,System.Boolean LightMock.MatchInfo::Matches(LightMock.InvocationInfo)
FNDA:0,System.Boolean LightMock.MatchInfo::Matches(LightMock.InvocationInfo)
DA:74,0
DA:76,57
DA:78,2
DA:81,59
DA:83,51
DA:85,1
DA:88,118
BRDA:74,30,0,0
BRDA:74,30,1,57
BRDA:76,56,0,2
BRDA:76,56,1,55
BRDA:81,68,0,4
BRDA:81,68,1,51
BRDA:83,93,0,1
BRDA:83,93,1,50
FN:93,System.Linq.Expressions.ExpressionType LightMock.MatchInfo::get_ExpressionType()
FNDA:158,System.Linq.Expressions.ExpressionType LightMock.MatchInfo::get_ExpressionType()
DA:94,158
FN:48,System.Void LightMock.MatchInfo::.ctor(System.Reflection.MethodInfo,System.Linq.Expressions.LambdaExpression[])
FNDA:42,System.Void LightMock.MatchInfo::.ctor(System.Reflection.MethodInfo,System.Linq.Expressions.LambdaExpression[])
DA:49,42
DA:51,42
DA:52,42
DA:53,42
DA:54,42
FN:59,System.Void LightMock.MatchInfo::.ctor(System.Reflection.MemberInfo)
FNDA:4,System.Void LightMock.MatchInfo::.ctor(System.Reflection.MemberInfo)
DA:60,4
DA:62,4
DA:63,4
DA:64,4
LF:17
LH:16
BRF:8
BRH:7
FNF:4
FNH:4
end_of_record
SF:/Users/bernhardrichter/GitHub/LightMock/src/LightMock/MatchInfoBuilder.cs
FN:56,LightMock.MatchInfo LightMock.MatchInfoBuilder::Build(System.Linq.Expressions.LambdaExpression)
FNDA:46,LightMock.MatchInfo LightMock.MatchInfoBuilder::Build(System.Linq.Expressions.LambdaExpression)
DA:57,46
DA:58,46
DA:60,42
DA:61,42
DA:62,42
DA:64,4
DA:65,4
DA:67,4
DA:68,4
DA:69,4
DA:72,0
BRDA:58,13,0,42
BRDA:58,13,1,4
BRDA:65,71,0,4
BRDA:65,71,1,0
FN:82,System.Linq.Expressions.Expression LightMock.MatchInfoBuilder::VisitMethodCall(System.Linq.Expressions.MethodCallExpression)
FNDA:84,System.Linq.Expressions.Expression LightMock.MatchInfoBuilder::VisitMethodCall(System.Linq.Expressions.MethodCallExpression)
DA:83,84
DA:85,42
DA:88,84
BRDA:83,7,0,42
BRDA:83,7,1,84
FN:92,System.Void LightMock.MatchInfoBuilder::ExtractLambdaExpression(System.Linq.Expressions.MethodCallExpression)
FNDA:41,System.Void LightMock.MatchInfoBuilder::ExtractLambdaExpression(System.Linq.Expressions.MethodCallExpression)
DA:93,41
DA:94,41
DA:95,41
FN:98,System.Void LightMock.MatchInfoBuilder::CreateEqualsExpressions(System.Linq.Expressions.MethodCallExpression)
FNDA:210,System.Void LightMock.MatchInfoBuilder::CreateEqualsExpressions(System.Linq.Expressions.MethodCallExpression)
DA:99,210
DA:101,63
DA:103,22
DA:106,63
DA:108,41
DA:111,42
BRDA:99,70,1,63
BRDA:101,29,0,22
BRDA:101,29,1,63
BRDA:106,50,0,41
BRDA:106,50,1,105
BRDA:99,70,0,42
FN:114,System.Boolean LightMock.MatchInfoBuilder::NodeRepresentsTargetMethod(System.Linq.Expressions.MethodCallExpression)
FNDA:84,System.Boolean LightMock.MatchInfoBuilder::NodeRepresentsTargetMethod(System.Linq.Expressions.MethodCallExpression)
DA:115,84
FN:119,System.Void LightMock.MatchInfoBuilder::CreateEqualsExpression(System.Linq.Expressions.ConstantExpression)
FNDA:22,System.Void LightMock.MatchInfoBuilder::CreateEqualsExpression(System.Linq.Expressions.ConstantExpression)
DA:120,22
DA:121,22
DA:122,22
DA:123,22
FN:42,System.Void LightMock.MatchInfoBuilder::.ctor()
FNDA:46,System.Void LightMock.MatchInfoBuilder::.ctor()
DA:43,46
LF:29
LH:28
BRF:12
BRH:11
FNF:7
FNH:7
end_of_record
SF:/Users/bernhardrichter/GitHub/LightMock/src/LightMock/MockContext.cs
FN:50,LightMock.Arrangement LightMock.MockContext`1::Arrange(System.Linq.Expressions.Expression`1<System.Action`1<TMock>>)
FNDA:6,LightMock.Arrangement LightMock.MockContext`1::Arrange(System.Linq.Expressions.Expression`1<System.Action`1<TMock>>)
DA:51,6
DA:52,6
DA:53,6
FN:64,LightMock.Arrangement`1<TResult> LightMock.MockContext`1::Arrange(System.Linq.Expressions.Expression`1<System.Func`2<TMock,TResult>>)
FNDA:13,LightMock.Arrangement`1<TResult> LightMock.MockContext`1::Arrange(System.Linq.Expressions.Expression`1<System.Func`2<TMock,TResult>>)
DA:65,13
DA:66,13
DA:67,13
FN:78,LightMock.PropertyArrangement`1<TResult> LightMock.MockContext`1::ArrangeProperty(System.Linq.Expressions.Expression`1<System.Func`2<TMock,TResult>>)
FNDA:1,LightMock.PropertyArrangement`1<TResult> LightMock.MockContext`1::ArrangeProperty(System.Linq.Expressions.Expression`1<System.Func`2<TMock,TResult>>)
DA:79,1
DA:80,1
DA:81,1
FN:91,System.Void LightMock.MockContext`1::Assert(System.Linq.Expressions.Expression`1<System.Action`1<TMock>>)
FNDA:5,System.Void LightMock.MockContext`1::Assert(System.Linq.Expressions.Expression`1<System.Action`1<TMock>>)
DA:92,5
DA:93,4
FN:103,System.Void LightMock.MockContext`1::Assert(System.Linq.Expressions.Expression`1<System.Action`1<TMock>>,LightMock.Invoked)
FNDA:19,System.Void LightMock.MockContext`1::Assert(System.Linq.Expressions.Expression`1<System.Action`1<TMock>>,LightMock.Invoked)
DA:104,19
DA:105,19
DA:107,19
DA:109,8
DA:111,11
BRDA:107,38,0,8
BRDA:107,38,1,11
FN:120,System.Void LightMock.MockContext`1::LightMock.IInvocationContext<TMock>.Invoke(System.Linq.Expressions.Expression`1<System.Action`1<TMock>>)
FNDA:7,System.Void LightMock.MockContext`1::LightMock.IInvocationContext<TMock>.Invoke(System.Linq.Expressions.Expression`1<System.Action`1<TMock>>)
DA:121,7
DA:122,7
DA:124,14
DA:125,7
DA:127,6
DA:129,7
BRDA:125,60,0,6
BRDA:125,60,1,7
FN:141,TResult LightMock.MockContext`1::LightMock.IInvocationContext<TMock>.Invoke(System.Linq.Expressions.Expression`1<System.Func`2<TMock,TResult>>)
FNDA:47,TResult LightMock.MockContext`1::LightMock.IInvocationContext<TMock>.Invoke(System.Linq.Expressions.Expression`1<System.Func`2<TMock,TResult>>)
DA:142,47
DA:143,47
DA:145,62
DA:146,47
DA:148,15
DA:151,32
BRDA:146,60,0,15
BRDA:146,60,1,32
FN:162,System.Void LightMock.MockContext`1::LightMock.IInvocationContext<TMock>.InvokeSetter(System.Linq.Expressions.Expression`1<System.Func`2<TMock,TResult>>,System.Object)
FNDA:1,System.Void LightMock.MockContext`1::LightMock.IInvocationContext<TMock>.InvokeSetter(System.Linq.Expressions.Expression`1<System.Func`2<TMock,TResult>>,System.Object)
DA:163,1
DA:164,1
DA:166,2
DA:167,1
DA:169,1
DA:171,1
BRDA:167,60,0,1
BRDA:167,60,1,1
FN:39,System.Void LightMock.MockContext`1::.ctor()
FNDA:41,System.Void LightMock.MockContext`1::.ctor()
DA:40,41
DA:41,41
LF:36
LH:36
BRF:8
BRH:8
FNF:9
FNH:9
end_of_record
SF:/Users/bernhardrichter/GitHub/LightMock/src/LightMock/PropertyArrangement.cs
FN:31,System.Object LightMock.PropertyArrangement`1::Execute(System.Object[])
FNDA:3,System.Object LightMock.PropertyArrangement`1::Execute(System.Object[])
DA:32,3
DA:34,4
DA:36,3
BRDA:34,9,0,1
BRDA:34,13,0,1
BRDA:34,9,1,3
BRDA:34,13,1,3
FN:20,System.Void LightMock.PropertyArrangement`1::.ctor(System.Linq.Expressions.LambdaExpression)
FNDA:1,System.Void LightMock.PropertyArrangement`1::.ctor(System.Linq.Expressions.LambdaExpression)
DA:21,1
DA:23,1
LF:5
LH:5
BRF:4
BRH:4
FNF:2
FNH:2
end_of_record
SF:/Users/bernhardrichter/GitHub/LightMock/src/LightMock/The.cs
FN:43,TValue LightMock.The`1::get_IsAnyValue()
FNDA:1,TValue LightMock.The`1::get_IsAnyValue()
DA:44,1
FN:54,TValue LightMock.The`1::Is(System.Func`2<TValue,System.Boolean>)
FNDA:1,TValue LightMock.The`1::Is(System.Func`2<TValue,System.Boolean>)
DA:55,1
LF:2
LH:2
BRF:0
BRH:0
FNF:2
FNH:2
end_of_record