<?xml version="1.0" encoding="utf-8"?>
<coverage line-rate="0.5847" branch-rate="0.4133" version="1.9" timestamp="1608726673" lines-covered="307" lines-valid="525" branches-covered="93" branches-valid="225">
  <sources>
    <source>/Users/bernhardrichter/GitHub/LightMock/src/LightMock/</source>
  </sources>
  <packages>
    <package name="LightMock" line-rate="0.5847" branch-rate="0.4133" complexity="302">
      <classes>
        <class name="ExpressionReflect.Evaluator" filename="ExpressionReflect/Evaluator.cs" line-rate="0.3333" branch-rate="1" complexity="3">
          <methods>
            <method name="PartialEval" signature="(System.Linq.Expressions.Expression)" line-rate="0" branch-rate="1" complexity="1">
              <lines>
                <line number="22" hits="0" branch="False" />
              </lines>
            </method>
            <method name="PartialEval" signature="(System.Linq.Expressions.Expression,System.Func`2&lt;System.Linq.Expressions.Expression,System.Boolean&gt;)" line-rate="1" branch-rate="1" complexity="1">
              <lines>
                <line number="33" hits="105" branch="False" />
              </lines>
            </method>
            <method name="CanBeEvaluatedLocally" signature="(System.Linq.Expressions.Expression)" line-rate="0" branch-rate="1" complexity="1">
              <lines>
                <line number="38" hits="0" branch="False" />
              </lines>
            </method>
          </methods>
          <lines>
            <line number="22" hits="0" branch="False" />
            <line number="33" hits="105" branch="False" />
            <line number="38" hits="0" branch="False" />
          </lines>
        </class>
        <class name="ExpressionReflect.Evaluator/SubtreeEvaluator" filename="ExpressionReflect/Evaluator.cs" line-rate="1" branch-rate="1" complexity="8">
          <methods>
            <method name="Eval" signature="(System.Linq.Expressions.Expression)" line-rate="1" branch-rate="1" complexity="1">
              <lines>
                <line number="55" hits="105" branch="False" />
              </lines>
            </method>
            <method name="Visit" signature="(System.Linq.Expressions.Expression)" line-rate="1" branch-rate="1" complexity="4">
              <lines>
                <line number="60" hits="740" branch="True" condition-coverage="100% (2/2)">
                  <conditions>
                    <condition number="1" type="jump" coverage="100%" />
                  </conditions>
                </line>
                <line number="62" hits="42" branch="False" />
                <line number="64" hits="698" branch="True" condition-coverage="100% (2/2)">
                  <conditions>
                    <condition number="17" type="jump" coverage="100%" />
                  </conditions>
                </line>
                <line number="66" hits="139" branch="False" />
                <line number="68" hits="559" branch="False" />
              </lines>
            </method>
            <method name="Evaluate" signature="(System.Linq.Expressions.Expression)" line-rate="1" branch-rate="1" complexity="2">
              <lines>
                <line number="73" hits="139" branch="True" condition-coverage="100% (2/2)">
                  <conditions>
                    <condition number="8" type="jump" coverage="100%" />
                  </conditions>
                </line>
                <line number="75" hits="67" branch="False" />
                <line number="78" hits="72" branch="False" />
                <line number="79" hits="72" branch="False" />
                <line number="80" hits="72" branch="False" />
              </lines>
            </method>
            <method name=".ctor" signature="(System.Collections.Generic.IDictionary`2&lt;System.Linq.Expressions.Expression,System.Linq.Expressions.Expression&gt;)" line-rate="1" branch-rate="1" complexity="1">
              <lines>
                <line number="48" hits="105" branch="False" />
                <line number="50" hits="105" branch="False" />
                <line number="51" hits="105" branch="False" />
              </lines>
            </method>
          </methods>
          <lines>
            <line number="55" hits="105" branch="False" />
            <line number="60" hits="740" branch="True" condition-coverage="100% (2/2)">
              <conditions>
                <condition number="1" type="jump" coverage="100%" />
              </conditions>
            </line>
            <line number="62" hits="42" branch="False" />
            <line number="64" hits="698" branch="True" condition-coverage="100% (2/2)">
              <conditions>
                <condition number="17" type="jump" coverage="100%" />
              </conditions>
            </line>
            <line number="66" hits="139" branch="False" />
            <line number="68" hits="559" branch="False" />
            <line number="73" hits="139" branch="True" condition-coverage="100% (2/2)">
              <conditions>
                <condition number="8" type="jump" coverage="100%" />
              </conditions>
            </line>
            <line number="75" hits="67" branch="False" />
            <line number="78" hits="72" branch="False" />
            <line number="79" hits="72" branch="False" />
            <line number="80" hits="72" branch="False" />
            <line number="48" hits="105" branch="False" />
            <line number="50" hits="105" branch="False" />
            <line number="51" hits="105" branch="False" />
          </lines>
        </class>
        <class name="ExpressionReflect.Evaluator/Nominator" filename="ExpressionReflect/Evaluator.cs" line-rate="1" branch-rate="1" complexity="10">
          <methods>
            <method name="Nominate" signature="(System.Linq.Expressions.Expression)" line-rate="1" branch-rate="1" complexity="1">
              <lines>
                <line number="101" hits="105" branch="False" />
                <line number="102" hits="105" branch="False" />
                <line number="103" hits="105" branch="False" />
              </lines>
            </method>
            <method name="Visit" signature="(System.Linq.Expressions.Expression)" line-rate="1" branch-rate="1" complexity="8">
              <lines>
                <line number="108" hits="812" branch="True" condition-coverage="100% (2/2)">
                  <conditions>
                    <condition number="1" type="jump" coverage="100%" />
                  </conditions>
                </line>
                <line number="110" hits="769" branch="False" />
                <line number="111" hits="769" branch="False" />
                <line number="112" hits="769" branch="False" />
                <line number="113" hits="769" branch="True" condition-coverage="100% (2/2)">
                  <conditions>
                    <condition number="31" type="jump" coverage="100%" />
                  </conditions>
                </line>
                <line number="115" hits="467" branch="True" condition-coverage="100% (4/4)">
                  <conditions>
                    <condition number="45" type="jump" coverage="100%" />
                    <condition number="59" type="jump" coverage="100%" />
                  </conditions>
                </line>
                <line number="117" hits="210" branch="False" />
                <line number="121" hits="257" branch="False" />
                <line number="124" hits="769" branch="False" />
                <line number="126" hits="812" branch="False" />
              </lines>
            </method>
            <method name=".ctor" signature="(System.Func`2&lt;System.Linq.Expressions.Expression,System.Boolean&gt;)" line-rate="1" branch-rate="1" complexity="1">
              <lines>
                <line number="94" hits="105" branch="False" />
                <line number="96" hits="105" branch="False" />
                <line number="97" hits="105" branch="False" />
              </lines>
            </method>
          </methods>
          <lines>
            <line number="101" hits="105" branch="False" />
            <line number="102" hits="105" branch="False" />
            <line number="103" hits="105" branch="False" />
            <line number="108" hits="812" branch="True" condition-coverage="100% (2/2)">
              <conditions>
                <condition number="1" type="jump" coverage="100%" />
              </conditions>
            </line>
            <line number="110" hits="769" branch="False" />
            <line number="111" hits="769" branch="False" />
            <line number="112" hits="769" branch="False" />
            <line number="113" hits="769" branch="True" condition-coverage="100% (2/2)">
              <conditions>
                <condition number="31" type="jump" coverage="100%" />
              </conditions>
            </line>
            <line number="115" hits="467" branch="True" condition-coverage="100% (4/4)">
              <conditions>
                <condition number="45" type="jump" coverage="100%" />
                <condition number="59" type="jump" coverage="100%" />
              </conditions>
            </line>
            <line number="117" hits="210" branch="False" />
            <line number="121" hits="257" branch="False" />
            <line number="124" hits="769" branch="False" />
            <line number="126" hits="812" branch="False" />
            <line number="94" hits="105" branch="False" />
            <line number="96" hits="105" branch="False" />
            <line number="97" hits="105" branch="False" />
          </lines>
        </class>
        <class name="ExpressionReflect.ExpressionExecutionException" filename="ExpressionReflect/ExpressionExecutionException.cs" line-rate="0" branch-rate="1" complexity="3">
          <methods>
            <method name=".ctor" signature="()" line-rate="0" branch-rate="1" complexity="1">
              <lines>
                <line number="7" hits="0" branch="False" />
                <line number="9" hits="0" branch="False" />
              </lines>
            </method>
            <method name=".ctor" signature="(System.String)" line-rate="0" branch-rate="1" complexity="1">
              <lines>
                <line number="12" hits="0" branch="False" />
                <line number="14" hits="0" branch="False" />
              </lines>
            </method>
            <method name=".ctor" signature="(System.String,System.Exception)" line-rate="0" branch-rate="1" complexity="1">
              <lines>
                <line number="17" hits="0" branch="False" />
                <line number="19" hits="0" branch="False" />
              </lines>
            </method>
          </methods>
          <lines>
            <line number="7" hits="0" branch="False" />
            <line number="9" hits="0" branch="False" />
            <line number="12" hits="0" branch="False" />
            <line number="14" hits="0" branch="False" />
            <line number="17" hits="0" branch="False" />
            <line number="19" hits="0" branch="False" />
          </lines>
        </class>
        <class name="ExpressionReflect.ExpressionExtensions" filename="ExpressionReflect/ExpressionExtensions.cs" line-rate="1" branch-rate="1" complexity="1">
          <methods>
            <method name="Execute" signature="(System.Linq.Expressions.Expression,System.Object[])" line-rate="1" branch-rate="1" complexity="1">
              <lines>
                <line number="9" hits="140" branch="False" />
                <line number="10" hits="140" branch="False" />
                <line number="11" hits="140" branch="False" />
              </lines>
            </method>
          </methods>
          <lines>
            <line number="9" hits="140" branch="False" />
            <line number="10" hits="140" branch="False" />
            <line number="11" hits="140" branch="False" />
          </lines>
        </class>
        <class name="ExpressionReflect.ExpressionReflectionExecutor" filename="ExpressionReflect/ExpressionReflectorExecutor.cs" line-rate="0.3197" branch-rate="0.21050000000000002" complexity="151">
          <methods>
            <method name="Execute" signature="(System.Object[],System.Boolean)" line-rate="0.8181" branch-rate="0.75" complexity="8">
              <lines>
                <line number="37" hits="140" branch="False" />
                <line number="38" hits="140" branch="False" />
                <line number="39" hits="140" branch="False" />
                <line number="41" hits="140" branch="True" condition-coverage="50% (1/2)">
                  <conditions>
                    <condition number="48" type="jump" coverage="50%" />
                  </conditions>
                </line>
                <line number="43" hits="0" branch="False" />
                <line number="45" hits="140" branch="True" condition-coverage="75% (3/4)">
                  <conditions>
                    <condition number="62" type="jump" coverage="100%" />
                    <condition number="76" type="jump" coverage="50%" />
                  </conditions>
                </line>
                <line number="47" hits="0" branch="False" />
                <line number="50" hits="140" branch="False" />
                <line number="52" hits="140" branch="True" condition-coverage="100% (2/2)">
                  <conditions>
                    <condition number="92" type="jump" coverage="100%" />
                  </conditions>
                </line>
                <line number="54" hits="140" branch="False" />
                <line number="57" hits="140" branch="False" />
              </lines>
            </method>
            <method name="VisitLambda" signature="(System.Linq.Expressions.Expression`1&lt;T&gt;)" line-rate="0" branch-rate="0" complexity="8">
              <lines>
                <line number="63" hits="0" branch="False" />
                <line number="65" hits="0" branch="False" />
                <line number="67" hits="0" branch="False" />
                <line number="68" hits="0" branch="True" condition-coverage="0% (0/2)">
                  <conditions>
                    <condition number="17" type="jump" coverage="0%" />
                  </conditions>
                </line>
                <line number="70" hits="0" branch="False" />
                <line number="72" hits="0" branch="True" condition-coverage="0% (0/2)">
                  <conditions>
                    <condition number="33" type="jump" coverage="0%" />
                  </conditions>
                </line>
                <line number="74" hits="0" branch="False" />
                <line number="76" hits="0" branch="True" condition-coverage="0% (0/2)">
                  <conditions>
                    <condition number="49" type="jump" coverage="0%" />
                  </conditions>
                </line>
                <line number="78" hits="0" branch="False" />
                <line number="81" hits="0" branch="True" condition-coverage="0% (0/2)">
                  <conditions>
                    <condition number="63" type="jump" coverage="0%" />
                  </conditions>
                </line>
                <line number="83" hits="0" branch="False" />
                <line number="86" hits="0" branch="False" />
                <line number="88" hits="0" branch="False" />
                <line number="89" hits="0" branch="False" />
                <line number="90" hits="0" branch="False" />
                <line number="92" hits="0" branch="False" />
              </lines>
            </method>
            <method name="VisitParameter" signature="(System.Linq.Expressions.ParameterExpression)" line-rate="1" branch-rate="1" complexity="1">
              <lines>
                <line number="99" hits="35" branch="False" />
                <line number="101" hits="35" branch="False" />
                <line number="102" hits="35" branch="False" />
                <line number="104" hits="35" branch="False" />
              </lines>
            </method>
            <method name="VisitMember" signature="(System.Linq.Expressions.MemberExpression)" line-rate="0.647" branch-rate="0.625" complexity="8">
              <lines>
                <line number="109" hits="72" branch="False" />
                <line number="110" hits="72" branch="False" />
                <line number="112" hits="72" branch="True" condition-coverage="50% (1/2)">
                  <conditions>
                    <condition number="20" type="jump" coverage="50%" />
                  </conditions>
                </line>
                <line number="114" hits="0" branch="False" />
                <line number="115" hits="0" branch="True" condition-coverage="0% (0/2)">
                  <conditions>
                    <condition number="40" type="jump" coverage="0%" />
                  </conditions>
                </line>
                <line number="117" hits="0" branch="False" />
                <line number="119" hits="0" branch="False" />
                <line number="120" hits="0" branch="False" />
                <line number="121" hits="0" branch="False" />
                <line number="123" hits="72" branch="True" condition-coverage="100% (2/2)">
                  <conditions>
                    <condition number="81" type="jump" coverage="100%" />
                  </conditions>
                </line>
                <line number="125" hits="72" branch="False" />
                <line number="126" hits="72" branch="True" condition-coverage="100% (2/2)">
                  <conditions>
                    <condition number="96" type="jump" coverage="100%" />
                  </conditions>
                </line>
                <line number="128" hits="71" branch="False" />
                <line number="130" hits="72" branch="False" />
                <line number="131" hits="72" branch="False" />
                <line number="132" hits="72" branch="False" />
                <line number="135" hits="72" branch="False" />
              </lines>
            </method>
            <method name="VisitMethodCall" signature="(System.Linq.Expressions.MethodCallExpression)" line-rate="0.909" branch-rate="0.75" complexity="4">
              <lines>
                <line number="140" hits="1" branch="False" />
                <line number="142" hits="1" branch="False" />
                <line number="143" hits="1" branch="False" />
                <line number="145" hits="1" branch="True" condition-coverage="100% (2/2)">
                  <conditions>
                    <condition number="33" type="jump" coverage="100%" />
                  </conditions>
                </line>
                <line number="147" hits="1" branch="False" />
                <line number="151" hits="1" branch="False" />
                <line number="152" hits="1" branch="False" />
                <line number="154" hits="1" branch="False" />
                <line number="157" hits="1" branch="True" condition-coverage="50% (1/2)">
                  <conditions>
                    <condition number="79" type="jump" coverage="50%" />
                  </conditions>
                </line>
                <line number="159" hits="0" branch="False" />
                <line number="162" hits="1" branch="False" />
              </lines>
            </method>
            <method name="VisitInvocation" signature="(System.Linq.Expressions.InvocationExpression)" line-rate="0" branch-rate="0" complexity="4">
              <lines>
                <line number="167" hits="0" branch="False" />
                <line number="169" hits="0" branch="False" />
                <line number="171" hits="0" branch="True" condition-coverage="0% (0/2)">
                  <conditions>
                    <condition number="20" type="jump" coverage="0%" />
                  </conditions>
                </line>
                <line number="173" hits="0" branch="False" />
                <line number="176" hits="0" branch="False" />
                <line number="178" hits="0" branch="True" condition-coverage="0% (0/2)">
                  <conditions>
                    <condition number="53" type="jump" coverage="0%" />
                  </conditions>
                </line>
                <line number="180" hits="0" branch="False" />
                <line number="181" hits="0" branch="False" />
                <line number="185" hits="0" branch="False" />
                <line number="187" hits="0" branch="False" />
              </lines>
            </method>
            <method name="VisitNew" signature="(System.Linq.Expressions.NewExpression)" line-rate="0" branch-rate="1" complexity="1">
              <lines>
                <line number="192" hits="0" branch="False" />
                <line number="194" hits="0" branch="False" />
                <line number="195" hits="0" branch="False" />
                <line number="197" hits="0" branch="False" />
                <line number="198" hits="0" branch="False" />
                <line number="200" hits="0" branch="False" />
              </lines>
            </method>
            <method name="VisitBinary" signature="(System.Linq.Expressions.BinaryExpression)" line-rate="0.29309999999999997" branch-rate="0.0943" complexity="53">
              <lines>
                <line number="205" hits="35" branch="False" />
                <line number="209" hits="35" branch="False" />
                <line number="211" hits="35" branch="False" />
                <line number="212" hits="35" branch="True" condition-coverage="100% (2/2)">
                  <conditions>
                    <condition number="30" type="jump" coverage="100%" />
                  </conditions>
                </line>
                <line number="215" hits="32" branch="False" />
                <line number="219" hits="3" branch="True" condition-coverage="6.66% (3/45)">
                  <conditions>
                    <condition number="56" type="switch" coverage="6.66%" />
                  </conditions>
                </line>
                <line number="222" hits="0" branch="False" />
                <line number="223" hits="0" branch="False" />
                <line number="225" hits="0" branch="False" />
                <line number="226" hits="0" branch="False" />
                <line number="228" hits="0" branch="False" />
                <line number="229" hits="0" branch="False" />
                <line number="231" hits="0" branch="False" />
                <line number="232" hits="0" branch="False" />
                <line number="234" hits="0" branch="False" />
                <line number="235" hits="0" branch="False" />
                <line number="237" hits="0" branch="False" />
                <line number="238" hits="0" branch="False" />
                <line number="240" hits="0" branch="False" />
                <line number="241" hits="0" branch="False" />
                <line number="243" hits="0" branch="False" />
                <line number="244" hits="0" branch="False" />
                <line number="246" hits="1" branch="False" />
                <line number="247" hits="1" branch="False" />
                <line number="249" hits="0" branch="False" />
                <line number="250" hits="0" branch="False" />
                <line number="252" hits="0" branch="False" />
                <line number="253" hits="0" branch="False" />
                <line number="255" hits="0" branch="True" condition-coverage="0% (0/2)">
                  <conditions>
                    <condition number="618" type="jump" coverage="0%" />
                  </conditions>
                </line>
                <line number="256" hits="0" branch="False" />
                <line number="258" hits="0" branch="False" />
                <line number="259" hits="0" branch="False" />
                <line number="261" hits="0" branch="True" condition-coverage="0% (0/2)">
                  <conditions>
                    <condition number="690" type="jump" coverage="0%" />
                  </conditions>
                </line>
                <line number="262" hits="0" branch="False" />
                <line number="264" hits="0" branch="False" />
                <line number="265" hits="0" branch="False" />
                <line number="267" hits="1" branch="False" />
                <line number="268" hits="1" branch="False" />
                <line number="270" hits="0" branch="False" />
                <line number="271" hits="0" branch="False" />
                <line number="273" hits="0" branch="False" />
                <line number="274" hits="0" branch="False" />
                <line number="276" hits="0" branch="False" />
                <line number="277" hits="0" branch="False" />
                <line number="279" hits="0" branch="False" />
                <line number="280" hits="0" branch="False" />
                <line number="282" hits="0" branch="False" />
                <line number="283" hits="0" branch="False" />
                <line number="285" hits="0" branch="True" condition-coverage="0% (0/2)">
                  <conditions>
                    <condition number="969" type="jump" coverage="0%" />
                  </conditions>
                </line>
                <line number="286" hits="0" branch="False" />
                <line number="288" hits="1" branch="False" />
                <line number="289" hits="1" branch="False" />
                <line number="290" hits="1" branch="False" />
                <line number="292" hits="0" branch="False" />
                <line number="296" hits="35" branch="False" />
                <line number="297" hits="35" branch="False" />
                <line number="298" hits="35" branch="False" />
                <line number="300" hits="35" branch="False" />
              </lines>
            </method>
            <method name="VisitTypeBinary" signature="(System.Linq.Expressions.TypeBinaryExpression)" line-rate="0" branch-rate="1" complexity="1">
              <lines>
                <line number="305" hits="0" branch="False" />
                <line number="307" hits="0" branch="False" />
                <line number="308" hits="0" branch="False" />
                <line number="310" hits="0" branch="False" />
                <line number="311" hits="0" branch="False" />
                <line number="313" hits="0" branch="False" />
              </lines>
            </method>
            <method name="VisitUnary" signature="(System.Linq.Expressions.UnaryExpression)" line-rate="0.41369999999999996" branch-rate="0.22719999999999999" complexity="22">
              <lines>
                <line number="318" hits="2" branch="False" />
                <line number="321" hits="2" branch="False" />
                <line number="323" hits="2" branch="False" />
                <line number="324" hits="2" branch="True" condition-coverage="50% (1/2)">
                  <conditions>
                    <condition number="29" type="jump" coverage="50%" />
                  </conditions>
                </line>
                <line number="327" hits="0" branch="False" />
                <line number="331" hits="2" branch="True" condition-coverage="22.22% (4/18)">
                  <conditions>
                    <condition number="66" type="jump" coverage="50%" />
                    <condition number="71" type="jump" coverage="100%" />
                    <condition number="80" type="jump" coverage="50%" />
                    <condition number="103" type="jump" coverage="0%" />
                    <condition number="109" type="jump" coverage="0%" />
                    <condition number="126" type="jump" coverage="0%" />
                    <condition number="115" type="jump" coverage="0%" />
                    <condition number="89" type="jump" coverage="0%" />
                    <condition number="132" type="jump" coverage="0%" />
                  </conditions>
                </line>
                <line number="334" hits="0" branch="False" />
                <line number="335" hits="0" branch="False" />
                <line number="337" hits="0" branch="False" />
                <line number="338" hits="0" branch="False" />
                <line number="340" hits="0" branch="True" condition-coverage="0% (0/2)">
                  <conditions>
                    <condition number="184" type="jump" coverage="0%" />
                  </conditions>
                </line>
                <line number="342" hits="0" branch="False" />
                <line number="346" hits="0" branch="False" />
                <line number="348" hits="0" branch="False" />
                <line number="351" hits="1" branch="False" />
                <line number="352" hits="1" branch="False" />
                <line number="354" hits="0" branch="False" />
                <line number="355" hits="0" branch="False" />
                <line number="357" hits="1" branch="False" />
                <line number="358" hits="1" branch="False" />
                <line number="362" hits="0" branch="False" />
                <line number="363" hits="0" branch="False" />
                <line number="364" hits="0" branch="False" />
                <line number="366" hits="0" branch="False" />
                <line number="367" hits="0" branch="False" />
                <line number="370" hits="0" branch="False" />
                <line number="374" hits="2" branch="False" />
                <line number="375" hits="2" branch="False" />
                <line number="377" hits="2" branch="False" />
              </lines>
            </method>
            <method name="VisitConditional" signature="(System.Linq.Expressions.ConditionalExpression)" line-rate="0" branch-rate="0" complexity="2">
              <lines>
                <line number="382" hits="0" branch="False" />
                <line number="384" hits="0" branch="False" />
                <line number="385" hits="0" branch="False" />
                <line number="386" hits="0" branch="False" />
                <line number="388" hits="0" branch="True" condition-coverage="0% (0/2)">
                  <conditions>
                    <condition number="32" type="jump" coverage="0%" />
                  </conditions>
                </line>
                <line number="389" hits="0" branch="False" />
                <line number="391" hits="0" branch="False" />
              </lines>
            </method>
            <method name="VisitConstant" signature="(System.Linq.Expressions.ConstantExpression)" line-rate="1" branch-rate="1" complexity="1">
              <lines>
                <line number="396" hits="140" branch="False" />
                <line number="397" hits="140" branch="False" />
              </lines>
            </method>
            <method name="VisitNewArray" signature="(System.Linq.Expressions.NewArrayExpression)" line-rate="0" branch-rate="0" complexity="4">
              <lines>
                <line number="402" hits="0" branch="False" />
                <line number="405" hits="0" branch="False" />
                <line number="407" hits="0" branch="True" condition-coverage="0% (0/4)">
                  <conditions>
                    <condition number="32" type="jump" coverage="0%" />
                    <condition number="38" type="jump" coverage="0%" />
                  </conditions>
                </line>
                <line number="410" hits="0" branch="False" />
                <line number="411" hits="0" branch="False" />
                <line number="412" hits="0" branch="False" />
                <line number="414" hits="0" branch="False" />
                <line number="415" hits="0" branch="False" />
                <line number="416" hits="0" branch="False" />
                <line number="417" hits="0" branch="False" />
                <line number="419" hits="0" branch="False" />
                <line number="422" hits="0" branch="False" />
                <line number="424" hits="0" branch="False" />
              </lines>
            </method>
            <method name="VisitMemberInit" signature="(System.Linq.Expressions.MemberInitExpression)" line-rate="0" branch-rate="0" complexity="6">
              <lines>
                <line number="429" hits="0" branch="False" />
                <line number="432" hits="0" branch="False" />
                <line number="435" hits="0" branch="False" />
                <line number="438" hits="0" branch="True" condition-coverage="0% (0/2)">
                  <conditions>
                    <condition number="133" type="jump" coverage="0%" />
                  </conditions>
                </line>
                <line number="440" hits="0" branch="False" />
                <line number="441" hits="0" branch="False" />
                <line number="442" hits="0" branch="True" condition-coverage="0% (0/2)">
                  <conditions>
                    <condition number="63" type="jump" coverage="0%" />
                  </conditions>
                </line>
                <line number="444" hits="0" branch="False" />
                <line number="445" hits="0" branch="False" />
                <line number="446" hits="0" branch="False" />
                <line number="448" hits="0" branch="True" condition-coverage="0% (0/2)">
                  <conditions>
                    <condition number="95" type="jump" coverage="0%" />
                  </conditions>
                </line>
                <line number="450" hits="0" branch="False" />
                <line number="451" hits="0" branch="False" />
                <line number="452" hits="0" branch="False" />
                <line number="457" hits="0" branch="False" />
                <line number="459" hits="0" branch="False" />
              </lines>
            </method>
            <method name="VisitListInit" signature="(System.Linq.Expressions.ListInitExpression)" line-rate="0" branch-rate="0" complexity="4">
              <lines>
                <line number="464" hits="0" branch="False" />
                <line number="467" hits="0" branch="False" />
                <line number="468" hits="0" branch="False" />
                <line number="469" hits="0" branch="False" />
                <line number="472" hits="0" branch="False" />
                <line number="475" hits="0" branch="True" condition-coverage="0% (0/2)">
                  <conditions>
                    <condition number="152" type="jump" coverage="0%" />
                  </conditions>
                </line>
                <line number="477" hits="0" branch="False" />
                <line number="479" hits="0" branch="False" />
                <line number="480" hits="0" branch="True" condition-coverage="0% (0/2)">
                  <conditions>
                    <condition number="124" type="jump" coverage="0%" />
                  </conditions>
                </line>
                <line number="482" hits="0" branch="False" />
                <line number="483" hits="0" branch="False" />
                <line number="484" hits="0" branch="False" />
                <line number="487" hits="0" branch="False" />
                <line number="488" hits="0" branch="False" />
                <line number="492" hits="0" branch="False" />
                <line number="494" hits="0" branch="False" />
              </lines>
            </method>
            <method name="GetValuesFromStack" signature="(System.Int32)" line-rate="1" branch-rate="1" complexity="2">
              <lines>
                <line number="499" hits="36" branch="False" />
                <line number="501" hits="214" branch="True" condition-coverage="100% (2/2)">
                  <conditions>
                    <condition number="30" type="jump" coverage="100%" />
                  </conditions>
                </line>
                <line number="503" hits="71" branch="False" />
                <line number="504" hits="71" branch="False" />
                <line number="507" hits="36" branch="False" />
              </lines>
            </method>
            <method name="GetValueFromStack" signature="()" line-rate="1" branch-rate="1" complexity="1">
              <lines>
                <line number="516" hits="285" branch="False" />
                <line number="517" hits="285" branch="False" />
              </lines>
            </method>
            <method name="Initialize" signature="()" line-rate="1" branch-rate="1" complexity="1">
              <lines>
                <line number="522" hits="140" branch="False" />
                <line number="523" hits="140" branch="False" />
              </lines>
            </method>
            <method name="InitializeArgs" signature="(System.Linq.Expressions.LambdaExpression,System.Object[])" line-rate="1" branch-rate="1" complexity="2">
              <lines>
                <line number="527" hits="140" branch="False" />
                <line number="529" hits="140" branch="False" />
                <line number="530" hits="416" branch="True" condition-coverage="100% (2/2)">
                  <conditions>
                    <condition number="54" type="jump" coverage="100%" />
                  </conditions>
                </line>
                <line number="532" hits="68" branch="False" />
                <line number="533" hits="68" branch="False" />
                <line number="536" hits="140" branch="False" />
              </lines>
            </method>
            <method name="FindMethod" signature="(System.String,System.Type[])" line-rate="0" branch-rate="0" complexity="6">
              <lines>
                <line number="541" hits="0" branch="False" />
                <line number="543" hits="0" branch="False" />
                <line number="544" hits="0" branch="True" condition-coverage="0% (0/2)">
                  <conditions>
                    <condition number="109" type="jump" coverage="0%" />
                  </conditions>
                </line>
                <line number="547" hits="0" branch="True" condition-coverage="0% (0/2)">
                  <conditions>
                    <condition number="80" type="jump" coverage="0%" />
                  </conditions>
                </line>
                <line number="549" hits="0" branch="True" condition-coverage="0% (0/2)">
                  <conditions>
                    <condition number="88" type="jump" coverage="0%" />
                  </conditions>
                </line>
                <line number="550" hits="0" branch="False" />
                <line number="551" hits="0" branch="False" />
                <line number="552" hits="0" branch="False" />
                <line number="556" hits="0" branch="False" />
              </lines>
            </method>
            <method name="Func" signature="(T)" line-rate="0" branch-rate="1" complexity="1">
              <lines>
                <line number="561" hits="0" branch="False" />
              </lines>
            </method>
            <method name="Func" signature="(T1,T2)" line-rate="0" branch-rate="1" complexity="1">
              <lines>
                <line number="566" hits="0" branch="False" />
              </lines>
            </method>
            <method name="Func" signature="(T1,T2,T3)" line-rate="0" branch-rate="1" complexity="1">
              <lines>
                <line number="571" hits="0" branch="False" />
              </lines>
            </method>
            <method name="Func" signature="(T1,T2,T3,T4)" line-rate="0" branch-rate="1" complexity="1">
              <lines>
                <line number="576" hits="0" branch="False" />
              </lines>
            </method>
            <method name="Action" signature="()" line-rate="0" branch-rate="1" complexity="1">
              <lines>
                <line number="581" hits="0" branch="False" />
                <line number="582" hits="0" branch="False" />
              </lines>
            </method>
            <method name="Action" signature="(T)" line-rate="0" branch-rate="1" complexity="1">
              <lines>
                <line number="586" hits="0" branch="False" />
                <line number="587" hits="0" branch="False" />
              </lines>
            </method>
            <method name="Action" signature="(T1,T2)" line-rate="0" branch-rate="1" complexity="1">
              <lines>
                <line number="591" hits="0" branch="False" />
                <line number="592" hits="0" branch="False" />
              </lines>
            </method>
            <method name="Action" signature="(T1,T2,T3)" line-rate="0" branch-rate="1" complexity="1">
              <lines>
                <line number="596" hits="0" branch="False" />
                <line number="597" hits="0" branch="False" />
              </lines>
            </method>
            <method name="Action" signature="(T1,T2,T3,T4)" line-rate="0" branch-rate="1" complexity="1">
              <lines>
                <line number="601" hits="0" branch="False" />
                <line number="602" hits="0" branch="False" />
              </lines>
            </method>
            <method name="Predicate" signature="(T)" line-rate="0" branch-rate="1" complexity="1">
              <lines>
                <line number="606" hits="0" branch="False" />
              </lines>
            </method>
            <method name="ExecuteReflector" signature="(System.Object[])" line-rate="0" branch-rate="1" complexity="1">
              <lines>
                <line number="611" hits="0" branch="False" />
                <line number="612" hits="0" branch="False" />
              </lines>
            </method>
            <method name=".ctor" signature="(System.Linq.Expressions.Expression)" line-rate="1" branch-rate="1" complexity="1">
              <lines>
                <line number="17" hits="140" branch="False" />
                <line number="18" hits="140" branch="False" />
                <line number="19" hits="140" branch="False" />
                <line number="25" hits="140" branch="False" />
                <line number="27" hits="140" branch="False" />
                <line number="28" hits="140" branch="False" />
              </lines>
            </method>
          </methods>
          <lines>
            <line number="37" hits="140" branch="False" />
            <line number="38" hits="140" branch="False" />
            <line number="39" hits="140" branch="False" />
            <line number="41" hits="140" branch="True" condition-coverage="50% (1/2)">
              <conditions>
                <condition number="48" type="jump" coverage="50%" />
              </conditions>
            </line>
            <line number="43" hits="0" branch="False" />
            <line number="45" hits="140" branch="True" condition-coverage="75% (3/4)">
              <conditions>
                <condition number="62" type="jump" coverage="100%" />
                <condition number="76" type="jump" coverage="50%" />
              </conditions>
            </line>
            <line number="47" hits="0" branch="False" />
            <line number="50" hits="140" branch="False" />
            <line number="52" hits="140" branch="True" condition-coverage="100% (2/2)">
              <conditions>
                <condition number="92" type="jump" coverage="100%" />
              </conditions>
            </line>
            <line number="54" hits="140" branch="False" />
            <line number="57" hits="140" branch="False" />
            <line number="63" hits="0" branch="False" />
            <line number="65" hits="0" branch="False" />
            <line number="67" hits="0" branch="False" />
            <line number="68" hits="0" branch="True" condition-coverage="0% (0/2)">
              <conditions>
                <condition number="17" type="jump" coverage="0%" />
              </conditions>
            </line>
            <line number="70" hits="0" branch="False" />
            <line number="72" hits="0" branch="True" condition-coverage="0% (0/2)">
              <conditions>
                <condition number="33" type="jump" coverage="0%" />
              </conditions>
            </line>
            <line number="74" hits="0" branch="False" />
            <line number="76" hits="0" branch="True" condition-coverage="0% (0/2)">
              <conditions>
                <condition number="49" type="jump" coverage="0%" />
              </conditions>
            </line>
            <line number="78" hits="0" branch="False" />
            <line number="81" hits="0" branch="True" condition-coverage="0% (0/2)">
              <conditions>
                <condition number="63" type="jump" coverage="0%" />
              </conditions>
            </line>
            <line number="83" hits="0" branch="False" />
            <line number="86" hits="0" branch="False" />
            <line number="88" hits="0" branch="False" />
            <line number="89" hits="0" branch="False" />
            <line number="90" hits="0" branch="False" />
            <line number="92" hits="0" branch="False" />
            <line number="99" hits="35" branch="False" />
            <line number="101" hits="35" branch="False" />
            <line number="102" hits="35" branch="False" />
            <line number="104" hits="35" branch="False" />
            <line number="109" hits="72" branch="False" />
            <line number="110" hits="72" branch="False" />
            <line number="112" hits="72" branch="True" condition-coverage="50% (1/2)">
              <conditions>
                <condition number="20" type="jump" coverage="50%" />
              </conditions>
            </line>
            <line number="114" hits="0" branch="False" />
            <line number="115" hits="0" branch="True" condition-coverage="0% (0/2)">
              <conditions>
                <condition number="40" type="jump" coverage="0%" />
              </conditions>
            </line>
            <line number="117" hits="0" branch="False" />
            <line number="119" hits="0" branch="False" />
            <line number="120" hits="0" branch="False" />
            <line number="121" hits="0" branch="False" />
            <line number="123" hits="72" branch="True" condition-coverage="100% (2/2)">
              <conditions>
                <condition number="81" type="jump" coverage="100%" />
              </conditions>
            </line>
            <line number="125" hits="72" branch="False" />
            <line number="126" hits="72" branch="True" condition-coverage="100% (2/2)">
              <conditions>
                <condition number="96" type="jump" coverage="100%" />
              </conditions>
            </line>
            <line number="128" hits="71" branch="False" />
            <line number="130" hits="72" branch="False" />
            <line number="131" hits="72" branch="False" />
            <line number="132" hits="72" branch="False" />
            <line number="135" hits="72" branch="False" />
            <line number="140" hits="1" branch="False" />
            <line number="142" hits="1" branch="False" />
            <line number="143" hits="1" branch="False" />
            <line number="145" hits="1" branch="True" condition-coverage="100% (2/2)">
              <conditions>
                <condition number="33" type="jump" coverage="100%" />
              </conditions>
            </line>
            <line number="147" hits="1" branch="False" />
            <line number="151" hits="1" branch="False" />
            <line number="152" hits="1" branch="False" />
            <line number="154" hits="1" branch="False" />
            <line number="157" hits="1" branch="True" condition-coverage="50% (1/2)">
              <conditions>
                <condition number="79" type="jump" coverage="50%" />
              </conditions>
            </line>
            <line number="159" hits="0" branch="False" />
            <line number="162" hits="1" branch="False" />
            <line number="167" hits="0" branch="False" />
            <line number="169" hits="0" branch="False" />
            <line number="171" hits="0" branch="True" condition-coverage="0% (0/2)">
              <conditions>
                <condition number="20" type="jump" coverage="0%" />
              </conditions>
            </line>
            <line number="173" hits="0" branch="False" />
            <line number="176" hits="0" branch="False" />
            <line number="178" hits="0" branch="True" condition-coverage="0% (0/2)">
              <conditions>
                <condition number="53" type="jump" coverage="0%" />
              </conditions>
            </line>
            <line number="180" hits="0" branch="False" />
            <line number="181" hits="0" branch="False" />
            <line number="185" hits="0" branch="False" />
            <line number="187" hits="0" branch="False" />
            <line number="192" hits="0" branch="False" />
            <line number="194" hits="0" branch="False" />
            <line number="195" hits="0" branch="False" />
            <line number="197" hits="0" branch="False" />
            <line number="198" hits="0" branch="False" />
            <line number="200" hits="0" branch="False" />
            <line number="205" hits="35" branch="False" />
            <line number="209" hits="35" branch="False" />
            <line number="211" hits="35" branch="False" />
            <line number="212" hits="35" branch="True" condition-coverage="100% (2/2)">
              <conditions>
                <condition number="30" type="jump" coverage="100%" />
              </conditions>
            </line>
            <line number="215" hits="32" branch="False" />
            <line number="219" hits="3" branch="True" condition-coverage="6.66% (3/45)">
              <conditions>
                <condition number="56" type="switch" coverage="6.66%" />
              </conditions>
            </line>
            <line number="222" hits="0" branch="False" />
            <line number="223" hits="0" branch="False" />
            <line number="225" hits="0" branch="False" />
            <line number="226" hits="0" branch="False" />
            <line number="228" hits="0" branch="False" />
            <line number="229" hits="0" branch="False" />
            <line number="231" hits="0" branch="False" />
            <line number="232" hits="0" branch="False" />
            <line number="234" hits="0" branch="False" />
            <line number="235" hits="0" branch="False" />
            <line number="237" hits="0" branch="False" />
            <line number="238" hits="0" branch="False" />
            <line number="240" hits="0" branch="False" />
            <line number="241" hits="0" branch="False" />
            <line number="243" hits="0" branch="False" />
            <line number="244" hits="0" branch="False" />
            <line number="246" hits="1" branch="False" />
            <line number="247" hits="1" branch="False" />
            <line number="249" hits="0" branch="False" />
            <line number="250" hits="0" branch="False" />
            <line number="252" hits="0" branch="False" />
            <line number="253" hits="0" branch="False" />
            <line number="255" hits="0" branch="True" condition-coverage="0% (0/2)">
              <conditions>
                <condition number="618" type="jump" coverage="0%" />
              </conditions>
            </line>
            <line number="256" hits="0" branch="False" />
            <line number="258" hits="0" branch="False" />
            <line number="259" hits="0" branch="False" />
            <line number="261" hits="0" branch="True" condition-coverage="0% (0/2)">
              <conditions>
                <condition number="690" type="jump" coverage="0%" />
              </conditions>
            </line>
            <line number="262" hits="0" branch="False" />
            <line number="264" hits="0" branch="False" />
            <line number="265" hits="0" branch="False" />
            <line number="267" hits="1" branch="False" />
            <line number="268" hits="1" branch="False" />
            <line number="270" hits="0" branch="False" />
            <line number="271" hits="0" branch="False" />
            <line number="273" hits="0" branch="False" />
            <line number="274" hits="0" branch="False" />
            <line number="276" hits="0" branch="False" />
            <line number="277" hits="0" branch="False" />
            <line number="279" hits="0" branch="False" />
            <line number="280" hits="0" branch="False" />
            <line number="282" hits="0" branch="False" />
            <line number="283" hits="0" branch="False" />
            <line number="285" hits="0" branch="True" condition-coverage="0% (0/2)">
              <conditions>
                <condition number="969" type="jump" coverage="0%" />
              </conditions>
            </line>
            <line number="286" hits="0" branch="False" />
            <line number="288" hits="1" branch="False" />
            <line number="289" hits="1" branch="False" />
            <line number="290" hits="1" branch="False" />
            <line number="292" hits="0" branch="False" />
            <line number="296" hits="35" branch="False" />
            <line number="297" hits="35" branch="False" />
            <line number="298" hits="35" branch="False" />
            <line number="300" hits="35" branch="False" />
            <line number="305" hits="0" branch="False" />
            <line number="307" hits="0" branch="False" />
            <line number="308" hits="0" branch="False" />
            <line number="310" hits="0" branch="False" />
            <line number="311" hits="0" branch="False" />
            <line number="313" hits="0" branch="False" />
            <line number="318" hits="2" branch="False" />
            <line number="321" hits="2" branch="False" />
            <line number="323" hits="2" branch="False" />
            <line number="324" hits="2" branch="True" condition-coverage="50% (1/2)">
              <conditions>
                <condition number="29" type="jump" coverage="50%" />
              </conditions>
            </line>
            <line number="327" hits="0" branch="False" />
            <line number="331" hits="2" branch="True" condition-coverage="22.22% (4/18)">
              <conditions>
                <condition number="66" type="jump" coverage="50%" />
                <condition number="71" type="jump" coverage="100%" />
                <condition number="80" type="jump" coverage="50%" />
                <condition number="103" type="jump" coverage="0%" />
                <condition number="109" type="jump" coverage="0%" />
                <condition number="126" type="jump" coverage="0%" />
                <condition number="115" type="jump" coverage="0%" />
                <condition number="89" type="jump" coverage="0%" />
                <condition number="132" type="jump" coverage="0%" />
              </conditions>
            </line>
            <line number="334" hits="0" branch="False" />
            <line number="335" hits="0" branch="False" />
            <line number="337" hits="0" branch="False" />
            <line number="338" hits="0" branch="False" />
            <line number="340" hits="0" branch="True" condition-coverage="0% (0/2)">
              <conditions>
                <condition number="184" type="jump" coverage="0%" />
              </conditions>
            </line>
            <line number="342" hits="0" branch="False" />
            <line number="346" hits="0" branch="False" />
            <line number="348" hits="0" branch="False" />
            <line number="351" hits="1" branch="False" />
            <line number="352" hits="1" branch="False" />
            <line number="354" hits="0" branch="False" />
            <line number="355" hits="0" branch="False" />
            <line number="357" hits="1" branch="False" />
            <line number="358" hits="1" branch="False" />
            <line number="362" hits="0" branch="False" />
            <line number="363" hits="0" branch="False" />
            <line number="364" hits="0" branch="False" />
            <line number="366" hits="0" branch="False" />
            <line number="367" hits="0" branch="False" />
            <line number="370" hits="0" branch="False" />
            <line number="374" hits="2" branch="False" />
            <line number="375" hits="2" branch="False" />
            <line number="377" hits="2" branch="False" />
            <line number="382" hits="0" branch="False" />
            <line number="384" hits="0" branch="False" />
            <line number="385" hits="0" branch="False" />
            <line number="386" hits="0" branch="False" />
            <line number="388" hits="0" branch="True" condition-coverage="0% (0/2)">
              <conditions>
                <condition number="32" type="jump" coverage="0%" />
              </conditions>
            </line>
            <line number="389" hits="0" branch="False" />
            <line number="391" hits="0" branch="False" />
            <line number="396" hits="140" branch="False" />
            <line number="397" hits="140" branch="False" />
            <line number="402" hits="0" branch="False" />
            <line number="405" hits="0" branch="False" />
            <line number="407" hits="0" branch="True" condition-coverage="0% (0/4)">
              <conditions>
                <condition number="32" type="jump" coverage="0%" />
                <condition number="38" type="jump" coverage="0%" />
              </conditions>
            </line>
            <line number="410" hits="0" branch="False" />
            <line number="411" hits="0" branch="False" />
            <line number="412" hits="0" branch="False" />
            <line number="414" hits="0" branch="False" />
            <line number="415" hits="0" branch="False" />
            <line number="416" hits="0" branch="False" />
            <line number="417" hits="0" branch="False" />
            <line number="419" hits="0" branch="False" />
            <line number="422" hits="0" branch="False" />
            <line number="424" hits="0" branch="False" />
            <line number="429" hits="0" branch="False" />
            <line number="432" hits="0" branch="False" />
            <line number="435" hits="0" branch="False" />
            <line number="438" hits="0" branch="True" condition-coverage="0% (0/2)">
              <conditions>
                <condition number="133" type="jump" coverage="0%" />
              </conditions>
            </line>
            <line number="440" hits="0" branch="False" />
            <line number="441" hits="0" branch="False" />
            <line number="442" hits="0" branch="True" condition-coverage="0% (0/2)">
              <conditions>
                <condition number="63" type="jump" coverage="0%" />
              </conditions>
            </line>
            <line number="444" hits="0" branch="False" />
            <line number="445" hits="0" branch="False" />
            <line number="446" hits="0" branch="False" />
            <line number="448" hits="0" branch="True" condition-coverage="0% (0/2)">
              <conditions>
                <condition number="95" type="jump" coverage="0%" />
              </conditions>
            </line>
            <line number="450" hits="0" branch="False" />
            <line number="451" hits="0" branch="False" />
            <line number="452" hits="0" branch="False" />
            <line number="457" hits="0" branch="False" />
            <line number="459" hits="0" branch="False" />
            <line number="464" hits="0" branch="False" />
            <line number="467" hits="0" branch="False" />
            <line number="468" hits="0" branch="False" />
            <line number="469" hits="0" branch="False" />
            <line number="472" hits="0" branch="False" />
            <line number="475" hits="0" branch="True" condition-coverage="0% (0/2)">
              <conditions>
                <condition number="152" type="jump" coverage="0%" />
              </conditions>
            </line>
            <line number="477" hits="0" branch="False" />
            <line number="479" hits="0" branch="False" />
            <line number="480" hits="0" branch="True" condition-coverage="0% (0/2)">
              <conditions>
                <condition number="124" type="jump" coverage="0%" />
              </conditions>
            </line>
            <line number="482" hits="0" branch="False" />
            <line number="483" hits="0" branch="False" />
            <line number="484" hits="0" branch="False" />
            <line number="487" hits="0" branch="False" />
            <line number="488" hits="0" branch="False" />
            <line number="492" hits="0" branch="False" />
            <line number="494" hits="0" branch="False" />
            <line number="499" hits="36" branch="False" />
            <line number="501" hits="214" branch="True" condition-coverage="100% (2/2)">
              <conditions>
                <condition number="30" type="jump" coverage="100%" />
              </conditions>
            </line>
            <line number="503" hits="71" branch="False" />
            <line number="504" hits="71" branch="False" />
            <line number="507" hits="36" branch="False" />
            <line number="516" hits="285" branch="False" />
            <line number="517" hits="285" branch="False" />
            <line number="522" hits="140" branch="False" />
            <line number="523" hits="140" branch="False" />
            <line number="527" hits="140" branch="False" />
            <line number="529" hits="140" branch="False" />
            <line number="530" hits="416" branch="True" condition-coverage="100% (2/2)">
              <conditions>
                <condition number="54" type="jump" coverage="100%" />
              </conditions>
            </line>
            <line number="532" hits="68" branch="False" />
            <line number="533" hits="68" branch="False" />
            <line number="536" hits="140" branch="False" />
            <line number="541" hits="0" branch="False" />
            <line number="543" hits="0" branch="False" />
            <line number="544" hits="0" branch="True" condition-coverage="0% (0/2)">
              <conditions>
                <condition number="109" type="jump" coverage="0%" />
              </conditions>
            </line>
            <line number="547" hits="0" branch="True" condition-coverage="0% (0/2)">
              <conditions>
                <condition number="80" type="jump" coverage="0%" />
              </conditions>
            </line>
            <line number="549" hits="0" branch="True" condition-coverage="0% (0/2)">
              <conditions>
                <condition number="88" type="jump" coverage="0%" />
              </conditions>
            </line>
            <line number="550" hits="0" branch="False" />
            <line number="551" hits="0" branch="False" />
            <line number="552" hits="0" branch="False" />
            <line number="556" hits="0" branch="False" />
            <line number="561" hits="0" branch="False" />
            <line number="566" hits="0" branch="False" />
            <line number="571" hits="0" branch="False" />
            <line number="576" hits="0" branch="False" />
            <line number="581" hits="0" branch="False" />
            <line number="582" hits="0" branch="False" />
            <line number="586" hits="0" branch="False" />
            <line number="587" hits="0" branch="False" />
            <line number="591" hits="0" branch="False" />
            <line number="592" hits="0" branch="False" />
            <line number="596" hits="0" branch="False" />
            <line number="597" hits="0" branch="False" />
            <line number="601" hits="0" branch="False" />
            <line number="602" hits="0" branch="False" />
            <line number="606" hits="0" branch="False" />
            <line number="611" hits="0" branch="False" />
            <line number="612" hits="0" branch="False" />
            <line number="17" hits="140" branch="False" />
            <line number="18" hits="140" branch="False" />
            <line number="19" hits="140" branch="False" />
            <line number="25" hits="140" branch="False" />
            <line number="27" hits="140" branch="False" />
            <line number="28" hits="140" branch="False" />
          </lines>
        </class>
        <class name="ExpressionReflect.TypeExtensions" filename="ExpressionReflect/TypeExtensions.cs" line-rate="0" branch-rate="0" complexity="24">
          <methods>
            <method name="IsFunc" signature="(System.Type)" line-rate="0" branch-rate="0" complexity="10">
              <lines>
                <line number="10" hits="0" branch="False" />
                <line number="12" hits="0" branch="True" condition-coverage="0% (0/2)">
                  <conditions>
                    <condition number="13" type="jump" coverage="0%" />
                  </conditions>
                </line>
                <line number="14" hits="0" branch="False" />
                <line number="15" hits="0" branch="True" condition-coverage="0% (0/8)">
                  <conditions>
                    <condition number="38" type="jump" coverage="0%" />
                    <condition number="56" type="jump" coverage="0%" />
                    <condition number="74" type="jump" coverage="0%" />
                    <condition number="92" type="jump" coverage="0%" />
                  </conditions>
                </line>
                <line number="16" hits="0" branch="False" />
                <line number="17" hits="0" branch="False" />
                <line number="18" hits="0" branch="False" />
                <line number="19" hits="0" branch="False" />
                <line number="22" hits="0" branch="False" />
              </lines>
            </method>
            <method name="IsAction" signature="(System.Type)" line-rate="0" branch-rate="0" complexity="10">
              <lines>
                <line number="27" hits="0" branch="False" />
                <line number="29" hits="0" branch="True" condition-coverage="0% (0/2)">
                  <conditions>
                    <condition number="28" type="jump" coverage="0%" />
                  </conditions>
                </line>
                <line number="31" hits="0" branch="False" />
                <line number="33" hits="0" branch="True" condition-coverage="0% (0/8)">
                  <conditions>
                    <condition number="38" type="jump" coverage="0%" />
                    <condition number="56" type="jump" coverage="0%" />
                    <condition number="74" type="jump" coverage="0%" />
                    <condition number="92" type="jump" coverage="0%" />
                  </conditions>
                </line>
                <line number="34" hits="0" branch="False" />
                <line number="35" hits="0" branch="False" />
                <line number="36" hits="0" branch="False" />
                <line number="37" hits="0" branch="False" />
                <line number="40" hits="0" branch="False" />
              </lines>
            </method>
            <method name="IsPredicate" signature="(System.Type)" line-rate="0" branch-rate="0" complexity="2">
              <lines>
                <line number="45" hits="0" branch="False" />
                <line number="47" hits="0" branch="True" condition-coverage="0% (0/2)">
                  <conditions>
                    <condition number="13" type="jump" coverage="0%" />
                  </conditions>
                </line>
                <line number="49" hits="0" branch="False" />
                <line number="50" hits="0" branch="False" />
                <line number="53" hits="0" branch="False" />
              </lines>
            </method>
            <method name="IsInstanceOfType" signature="(System.Type,System.Object)" line-rate="0" branch-rate="0" complexity="2">
              <lines>
                <line number="58" hits="0" branch="True" condition-coverage="0% (0/2)">
                  <conditions>
                    <condition number="1" type="jump" coverage="0%" />
                  </conditions>
                </line>
              </lines>
            </method>
          </methods>
          <lines>
            <line number="10" hits="0" branch="False" />
            <line number="12" hits="0" branch="True" condition-coverage="0% (0/2)">
              <conditions>
                <condition number="13" type="jump" coverage="0%" />
              </conditions>
            </line>
            <line number="14" hits="0" branch="False" />
            <line number="15" hits="0" branch="True" condition-coverage="0% (0/8)">
              <conditions>
                <condition number="38" type="jump" coverage="0%" />
                <condition number="56" type="jump" coverage="0%" />
                <condition number="74" type="jump" coverage="0%" />
                <condition number="92" type="jump" coverage="0%" />
              </conditions>
            </line>
            <line number="16" hits="0" branch="False" />
            <line number="17" hits="0" branch="False" />
            <line number="18" hits="0" branch="False" />
            <line number="19" hits="0" branch="False" />
            <line number="22" hits="0" branch="False" />
            <line number="27" hits="0" branch="False" />
            <line number="29" hits="0" branch="True" condition-coverage="0% (0/2)">
              <conditions>
                <condition number="28" type="jump" coverage="0%" />
              </conditions>
            </line>
            <line number="31" hits="0" branch="False" />
            <line number="33" hits="0" branch="True" condition-coverage="0% (0/8)">
              <conditions>
                <condition number="38" type="jump" coverage="0%" />
                <condition number="56" type="jump" coverage="0%" />
                <condition number="74" type="jump" coverage="0%" />
                <condition number="92" type="jump" coverage="0%" />
              </conditions>
            </line>
            <line number="34" hits="0" branch="False" />
            <line number="35" hits="0" branch="False" />
            <line number="36" hits="0" branch="False" />
            <line number="37" hits="0" branch="False" />
            <line number="40" hits="0" branch="False" />
            <line number="45" hits="0" branch="False" />
            <line number="47" hits="0" branch="True" condition-coverage="0% (0/2)">
              <conditions>
                <condition number="13" type="jump" coverage="0%" />
              </conditions>
            </line>
            <line number="49" hits="0" branch="False" />
            <line number="50" hits="0" branch="False" />
            <line number="53" hits="0" branch="False" />
            <line number="58" hits="0" branch="True" condition-coverage="0% (0/2)">
              <conditions>
                <condition number="1" type="jump" coverage="0%" />
              </conditions>
            </line>
          </lines>
        </class>
        <class name="LightMock.Arrangement" filename="Arrangement.cs" line-rate="1" branch-rate="1" complexity="14">
          <methods>
            <method name="Throws" signature="()" line-rate="1" branch-rate="1" complexity="2">
              <lines>
                <line number="57" hits="2" branch="True" condition-coverage="100% (2/2)">
                  <conditions>
                    <condition number="12" type="jump" coverage="100%" />
                  </conditions>
                </line>
                <line number="58" hits="1" branch="False" />
              </lines>
            </method>
            <method name="Throws" signature="(System.Func`1&lt;TException&gt;)" line-rate="1" branch-rate="1" complexity="1">
              <lines>
                <line number="67" hits="2" branch="False" />
                <line number="68" hits="1" branch="False" />
              </lines>
            </method>
            <method name="Callback" signature="(System.Action)" line-rate="1" branch-rate="1" complexity="1">
              <lines>
                <line number="76" hits="2" branch="False" />
                <line number="77" hits="1" branch="False" />
              </lines>
            </method>
            <method name="Callback" signature="(System.Action`1&lt;T&gt;)" line-rate="1" branch-rate="1" complexity="1">
              <lines>
                <line number="86" hits="2" branch="False" />
                <line number="87" hits="1" branch="False" />
              </lines>
            </method>
            <method name="Callback" signature="(System.Action`2&lt;T1,T2&gt;)" line-rate="1" branch-rate="1" complexity="1">
              <lines>
                <line number="97" hits="2" branch="False" />
                <line number="98" hits="1" branch="False" />
              </lines>
            </method>
            <method name="Callback" signature="(System.Action`3&lt;T1,T2,T3&gt;)" line-rate="1" branch-rate="1" complexity="1">
              <lines>
                <line number="109" hits="2" branch="False" />
                <line number="110" hits="1" branch="False" />
              </lines>
            </method>
            <method name="Callback" signature="(System.Action`4&lt;T1,T2,T3,T4&gt;)" line-rate="1" branch-rate="1" complexity="1">
              <lines>
                <line number="122" hits="2" branch="False" />
                <line number="123" hits="1" branch="False" />
              </lines>
            </method>
            <method name="Callback" signature="(System.Action`5&lt;T1,T2,T3,T4,T5&gt;)" line-rate="1" branch-rate="1" complexity="1">
              <lines>
                <line number="136" hits="2" branch="False" />
                <line number="137" hits="1" branch="False" />
              </lines>
            </method>
            <method name="Callback" signature="(System.Action`6&lt;T1,T2,T3,T4,T5,T6&gt;)" line-rate="1" branch-rate="1" complexity="1">
              <lines>
                <line number="151" hits="2" branch="False" />
                <line number="152" hits="1" branch="False" />
              </lines>
            </method>
            <method name="Matches" signature="(LightMock.InvocationInfo)" line-rate="1" branch-rate="1" complexity="1">
              <lines>
                <line number="161" hits="23" branch="False" />
              </lines>
            </method>
            <method name="Execute" signature="(System.Object[])" line-rate="1" branch-rate="1" complexity="2">
              <lines>
                <line number="171" hits="60" branch="True" condition-coverage="100% (2/2)">
                  <conditions>
                    <condition number="34" type="jump" coverage="100%" />
                  </conditions>
                </line>
                <line number="173" hits="9" branch="False" />
                <line number="176" hits="20" branch="False" />
              </lines>
            </method>
            <method name=".ctor" signature="(System.Linq.Expressions.LambdaExpression)" line-rate="1" branch-rate="1" complexity="1">
              <lines>
                <line number="39" hits="20" branch="False" />
                <line number="46" hits="20" branch="False" />
                <line number="48" hits="20" branch="False" />
                <line number="49" hits="20" branch="False" />
              </lines>
            </method>
          </methods>
          <lines>
            <line number="57" hits="2" branch="True" condition-coverage="100% (2/2)">
              <conditions>
                <condition number="12" type="jump" coverage="100%" />
              </conditions>
            </line>
            <line number="58" hits="1" branch="False" />
            <line number="67" hits="2" branch="False" />
            <line number="68" hits="1" branch="False" />
            <line number="76" hits="2" branch="False" />
            <line number="77" hits="1" branch="False" />
            <line number="86" hits="2" branch="False" />
            <line number="87" hits="1" branch="False" />
            <line number="97" hits="2" branch="False" />
            <line number="98" hits="1" branch="False" />
            <line number="109" hits="2" branch="False" />
            <line number="110" hits="1" branch="False" />
            <line number="122" hits="2" branch="False" />
            <line number="123" hits="1" branch="False" />
            <line number="136" hits="2" branch="False" />
            <line number="137" hits="1" branch="False" />
            <line number="151" hits="2" branch="False" />
            <line number="152" hits="1" branch="False" />
            <line number="161" hits="23" branch="False" />
            <line number="171" hits="60" branch="True" condition-coverage="100% (2/2)">
              <conditions>
                <condition number="34" type="jump" coverage="100%" />
              </conditions>
            </line>
            <line number="173" hits="9" branch="False" />
            <line number="176" hits="20" branch="False" />
            <line number="39" hits="20" branch="False" />
            <line number="46" hits="20" branch="False" />
            <line number="48" hits="20" branch="False" />
            <line number="49" hits="20" branch="False" />
          </lines>
        </class>
        <class name="LightMock.Arrangement`1" filename="ArrangementOfT.cs" line-rate="1" branch-rate="1" complexity="9">
          <methods>
            <method name="Returns" signature="(TResult)" line-rate="1" branch-rate="1" complexity="1">
              <lines>
                <line number="61" hits="1" branch="False" />
                <line number="62" hits="1" branch="False" />
              </lines>
            </method>
            <method name="Returns" signature="(System.Func`1&lt;TResult&gt;)" line-rate="1" branch-rate="1" complexity="1">
              <lines>
                <line number="71" hits="4" branch="False" />
                <line number="72" hits="2" branch="False" />
              </lines>
            </method>
            <method name="Returns" signature="(System.Func`2&lt;T,TResult&gt;)" line-rate="1" branch-rate="1" complexity="1">
              <lines>
                <line number="82" hits="8" branch="False" />
                <line number="83" hits="4" branch="False" />
              </lines>
            </method>
            <method name="Returns" signature="(System.Func`3&lt;T1,T2,TResult&gt;)" line-rate="1" branch-rate="1" complexity="1">
              <lines>
                <line number="94" hits="2" branch="False" />
                <line number="95" hits="1" branch="False" />
              </lines>
            </method>
            <method name="Returns" signature="(System.Func`4&lt;T1,T2,T3,TResult&gt;)" line-rate="1" branch-rate="1" complexity="1">
              <lines>
                <line number="107" hits="2" branch="False" />
                <line number="108" hits="1" branch="False" />
              </lines>
            </method>
            <method name="Returns" signature="(System.Func`5&lt;T1,T2,T3,T4,TResult&gt;)" line-rate="1" branch-rate="1" complexity="1">
              <lines>
                <line number="121" hits="2" branch="False" />
                <line number="122" hits="1" branch="False" />
[...]
              </lines>
            </method>
          </methods>
          <lines>
            <line number="74" hits="0" branch="True" condition-coverage="50% (1/2)">
              <conditions>
                <condition number="30" type="jump" coverage="50%" />
              </conditions>
            </line>
            <line number="76" hits="57" branch="True" condition-coverage="100% (2/2)">
              <conditions>
                <condition number="56" type="jump" coverage="100%" />
              </conditions>
            </line>
            <line number="78" hits="2" branch="False" />
            <line number="81" hits="59" branch="True" condition-coverage="100% (2/2)">
              <conditions>
                <condition number="68" type="jump" coverage="100%" />
              </conditions>
            </line>
            <line number="83" hits="51" branch="True" condition-coverage="100% (2/2)">
              <conditions>
                <condition number="93" type="jump" coverage="100%" />
              </conditions>
            </line>
            <line number="85" hits="1" branch="False" />
            <line number="88" hits="118" branch="False" />
            <line number="94" hits="158" branch="False" />
            <line number="49" hits="42" branch="False" />
            <line number="51" hits="42" branch="False" />
            <line number="52" hits="42" branch="False" />
            <line number="53" hits="42" branch="False" />
            <line number="54" hits="42" branch="False" />
            <line number="60" hits="4" branch="False" />
            <line number="62" hits="4" branch="False" />
            <line number="63" hits="4" branch="False" />
            <line number="64" hits="4" branch="False" />
          </lines>
        </class>
        <class name="LightMock.MatchInfoBuilder" filename="MatchInfoBuilder.cs" line-rate="0.9655" branch-rate="0.9166" complexity="16">
          <methods>
            <method name="Build" signature="(System.Linq.Expressions.LambdaExpression)" line-rate="0.909" branch-rate="0.75" complexity="4">
              <lines>
                <line number="57" hits="46" branch="False" />
                <line number="58" hits="46" branch="True" condition-coverage="100% (2/2)">
                  <conditions>
                    <condition number="13" type="jump" coverage="100%" />
                  </conditions>
                </line>
                <line number="60" hits="42" branch="False" />
                <line number="61" hits="42" branch="False" />
                <line number="62" hits="42" branch="False" />
                <line number="64" hits="4" branch="False" />
                <line number="65" hits="4" branch="True" condition-coverage="50% (1/2)">
                  <conditions>
                    <condition number="71" type="jump" coverage="50%" />
                  </conditions>
                </line>
                <line number="67" hits="4" branch="False" />
                <line number="68" hits="4" branch="False" />
                <line number="69" hits="4" branch="False" />
                <line number="72" hits="0" branch="False" />
              </lines>
            </method>
            <method name="VisitMethodCall" signature="(System.Linq.Expressions.MethodCallExpression)" line-rate="1" branch-rate="1" complexity="2">
              <lines>
                <line number="83" hits="84" branch="True" condition-coverage="100% (2/2)">
                  <conditions>
                    <condition number="7" type="jump" coverage="100%" />
                  </conditions>
                </line>
                <line number="85" hits="42" branch="False" />
                <line number="88" hits="84" branch="False" />
              </lines>
            </method>
            <method name="ExtractLambdaExpression" signature="(System.Linq.Expressions.MethodCallExpression)" line-rate="1" branch-rate="1" complexity="1">
              <lines>
                <line number="93" hits="41" branch="False" />
                <line number="94" hits="41" branch="False" />
                <line number="95" hits="41" branch="False" />
              </lines>
            </method>
            <method name="CreateEqualsExpressions" signature="(System.Linq.Expressions.MethodCallExpression)" line-rate="1" branch-rate="1" complexity="6">
              <lines>
                <line number="99" hits="210" branch="True" condition-coverage="100% (2/2)">
                  <conditions>
                    <condition number="70" type="jump" coverage="100%" />
                  </conditions>
                </line>
                <line number="101" hits="63" branch="True" condition-coverage="100% (2/2)">
                  <conditions>
                    <condition number="29" type="jump" coverage="100%" />
                  </conditions>
                </line>
                <line number="103" hits="22" branch="False" />
                <line number="106" hits="63" branch="True" condition-coverage="100% (2/2)">
                  <conditions>
                    <condition number="50" type="jump" coverage="100%" />
                  </conditions>
                </line>
                <line number="108" hits="41" branch="False" />
                <line number="111" hits="42" branch="False" />
              </lines>
            </method>
            <method name="NodeRepresentsTargetMethod" signature="(System.Linq.Expressions.MethodCallExpression)" line-rate="1" branch-rate="1" complexity="1">
              <lines>
                <line number="115" hits="84" branch="False" />
              </lines>
            </method>
            <method name="CreateEqualsExpression" signature="(System.Linq.Expressions.ConstantExpression)" line-rate="1" branch-rate="1" complexity="1">
              <lines>
                <line number="120" hits="22" branch="False" />
                <line number="121" hits="22" branch="False" />
                <line number="122" hits="22" branch="False" />
                <line number="123" hits="22" branch="False" />
              </lines>
            </method>
            <method name=".ctor" signature="()" line-rate="1" branch-rate="1" complexity="1">
              <lines>
                <line number="43" hits="46" branch="False" />
              </lines>
            </method>
          </methods>
          <lines>
            <line number="57" hits="46" branch="False" />
            <line number="58" hits="46" branch="True" condition-coverage="100% (2/2)">
              <conditions>
                <condition number="13" type="jump" coverage="100%" />
              </conditions>
            </line>
            <line number="60" hits="42" branch="False" />
            <line number="61" hits="42" branch="False" />
            <line number="62" hits="42" branch="False" />
            <line number="64" hits="4" branch="False" />
            <line number="65" hits="4" branch="True" condition-coverage="50% (1/2)">
              <conditions>
                <condition number="71" type="jump" coverage="50%" />
              </conditions>
            </line>
            <line number="67" hits="4" branch="False" />
            <line number="68" hits="4" branch="False" />
            <line number="69" hits="4" branch="False" />
            <line number="72" hits="0" branch="False" />
            <line number="83" hits="84" branch="True" condition-coverage="100% (2/2)">
              <conditions>
                <condition number="7" type="jump" coverage="100%" />
              </conditions>
            </line>
            <line number="85" hits="42" branch="False" />
            <line number="88" hits="84" branch="False" />
            <line number="93" hits="41" branch="False" />
            <line number="94" hits="41" branch="False" />
            <line number="95" hits="41" branch="False" />
            <line number="99" hits="210" branch="True" condition-coverage="100% (2/2)">
              <conditions>
                <condition number="70" type="jump" coverage="100%" />
              </conditions>
            </line>
            <line number="101" hits="63" branch="True" condition-coverage="100% (2/2)">
              <conditions>
                <condition number="29" type="jump" coverage="100%" />
              </conditions>
            </line>
            <line number="103" hits="22" branch="False" />
            <line number="106" hits="63" branch="True" condition-coverage="100% (2/2)">
              <conditions>
                <condition number="50" type="jump" coverage="100%" />
              </conditions>
            </line>
            <line number="108" hits="41" branch="False" />
            <line number="111" hits="42" branch="False" />
            <line number="115" hits="84" branch="False" />
            <line number="120" hits="22" branch="False" />
            <line number="121" hits="22" branch="False" />
            <line number="122" hits="22" branch="False" />
            <line number="123" hits="22" branch="False" />
            <line number="43" hits="46" branch="False" />
          </lines>
        </class>
        <class name="LightMock.MockContext`1" filename="MockContext.cs" line-rate="1" branch-rate="1" complexity="13">
          <methods>
            <method name="Arrange" signature="(System.Linq.Expressions.Expression`1&lt;System.Action`1&lt;TMock&gt;&gt;)" line-rate="1" branch-rate="1" complexity="1">
              <lines>
                <line number="51" hits="6" branch="False" />
                <line number="52" hits="6" branch="False" />
                <line number="53" hits="6" branch="False" />
              </lines>
            </method>
            <method name="Arrange" signature="(System.Linq.Expressions.Expression`1&lt;System.Func`2&lt;TMock,TResult&gt;&gt;)" line-rate="1" branch-rate="1" complexity="1">
              <lines>
                <line number="65" hits="13" branch="False" />
                <line number="66" hits="13" branch="False" />
                <line number="67" hits="13" branch="False" />
              </lines>
            </method>
            <method name="ArrangeProperty" signature="(System.Linq.Expressions.Expression`1&lt;System.Func`2&lt;TMock,TResult&gt;&gt;)" line-rate="1" branch-rate="1" complexity="1">
              <lines>
                <line number="79" hits="1" branch="False" />
                <line number="80" hits="1" branch="False" />
                <line number="81" hits="1" branch="False" />
              </lines>
            </method>
            <method name="Assert" signature="(System.Linq.Expressions.Expression`1&lt;System.Action`1&lt;TMock&gt;&gt;)" line-rate="1" branch-rate="1" complexity="1">
              <lines>
                <line number="92" hits="5" branch="False" />
                <line number="93" hits="4" branch="False" />
              </lines>
            </method>
            <method name="Assert" signature="(System.Linq.Expressions.Expression`1&lt;System.Action`1&lt;TMock&gt;&gt;,LightMock.Invoked)" line-rate="1" branch-rate="1" complexity="2">
              <lines>
                <line number="104" hits="19" branch="False" />
                <line number="105" hits="19" branch="False" />
                <line number="107" hits="19" branch="True" condition-coverage="100% (2/2)">
                  <conditions>
                    <condition number="38" type="jump" coverage="100%" />
                  </conditions>
                </line>
                <line number="109" hits="8" branch="False" />
                <line number="111" hits="11" branch="False" />
              </lines>
            </method>
            <method name="LightMock.IInvocationContext&lt;TMock&gt;.Invoke" signature="(System.Linq.Expressions.Expression`1&lt;System.Action`1&lt;TMock&gt;&gt;)" line-rate="1" branch-rate="1" complexity="2">
              <lines>
                <line number="121" hits="7" branch="False" />
                <line number="122" hits="7" branch="False" />
                <line number="124" hits="14" branch="False" />
                <line number="125" hits="7" branch="True" condition-coverage="100% (2/2)">
                  <conditions>
                    <condition number="60" type="jump" coverage="100%" />
                  </conditions>
                </line>
                <line number="127" hits="6" branch="False" />
                <line number="129" hits="7" branch="False" />
              </lines>
            </method>
            <method name="LightMock.IInvocationContext&lt;TMock&gt;.Invoke" signature="(System.Linq.Expressions.Expression`1&lt;System.Func`2&lt;TMock,TResult&gt;&gt;)" line-rate="1" branch-rate="1" complexity="2">
              <lines>
                <line number="142" hits="47" branch="False" />
                <line number="143" hits="47" branch="False" />
                <line number="145" hits="62" branch="False" />
                <line number="146" hits="47" branch="True" condition-coverage="100% (2/2)">
                  <conditions>
                    <condition number="60" type="jump" coverage="100%" />
                  </conditions>
                </line>
                <line number="148" hits="15" branch="False" />
                <line number="151" hits="32" branch="False" />
              </lines>
            </method>
            <method name="LightMock.IInvocationContext&lt;TMock&gt;.InvokeSetter" signature="(System.Linq.Expressions.Expression`1&lt;System.Func`2&lt;TMock,TResult&gt;&gt;,System.Object)" line-rate="1" branch-rate="1" complexity="2">
              <lines>
                <line number="163" hits="1" branch="False" />
                <line number="164" hits="1" branch="False" />
                <line number="166" hits="2" branch="False" />
                <line number="167" hits="1" branch="True" condition-coverage="100% (2/2)">
                  <conditions>
                    <condition number="60" type="jump" coverage="100%" />
                  </conditions>
                </line>
                <line number="169" hits="1" branch="False" />
                <line number="171" hits="1" branch="False" />
              </lines>
            </method>
            <method name=".ctor" signature="()" line-rate="1" branch-rate="1" complexity="1">
              <lines>
                <line number="40" hits="41" branch="False" />
                <line number="41" hits="41" branch="False" />
              </lines>
            </method>
          </methods>
          <lines>
            <line number="51" hits="6" branch="False" />
            <line number="52" hits="6" branch="False" />
            <line number="53" hits="6" branch="False" />
            <line number="65" hits="13" branch="False" />
            <line number="66" hits="13" branch="False" />
            <line number="67" hits="13" branch="False" />
            <line number="79" hits="1" branch="False" />
            <line number="80" hits="1" branch="False" />
            <line number="81" hits="1" branch="False" />
            <line number="92" hits="5" branch="False" />
            <line number="93" hits="4" branch="False" />
            <line number="104" hits="19" branch="False" />
            <line number="105" hits="19" branch="False" />
            <line number="107" hits="19" branch="True" condition-coverage="100% (2/2)">
              <conditions>
                <condition number="38" type="jump" coverage="100%" />
              </conditions>
            </line>
            <line number="109" hits="8" branch="False" />
            <line number="111" hits="11" branch="False" />
            <line number="121" hits="7" branch="False" />
            <line number="122" hits="7" branch="False" />
            <line number="124" hits="14" branch="False" />
            <line number="125" hits="7" branch="True" condition-coverage="100% (2/2)">
              <conditions>
                <condition number="60" type="jump" coverage="100%" />
              </conditions>
            </line>
            <line number="127" hits="6" branch="False" />
            <line number="129" hits="7" branch="False" />
            <line number="142" hits="47" branch="False" />
            <line number="143" hits="47" branch="False" />
            <line number="145" hits="62" branch="False" />
            <line number="146" hits="47" branch="True" condition-coverage="100% (2/2)">
              <conditions>
                <condition number="60" type="jump" coverage="100%" />
              </conditions>
            </line>
            <line number="148" hits="15" branch="False" />
            <line number="151" hits="32" branch="False" />
            <line number="163" hits="1" branch="False" />
            <line number="164" hits="1" branch="False" />
            <line number="166" hits="2" branch="False" />
            <line number="167" hits="1" branch="True" condition-coverage="100% (2/2)">
              <conditions>
                <condition number="60" type="jump" coverage="100%" />
              </conditions>
            </line>
            <line number="169" hits="1" branch="False" />
            <line number="171" hits="1" branch="False" />
            <line number="40" hits="41" branch="False" />
            <line number="41" hits="41" branch="False" />
          </lines>
        </class>
        <class name="LightMock.PropertyArrangement`1" filename="PropertyArrangement.cs" line-rate="1" branch-rate="1" complexity="5">
          <methods>
            <method name="Execute" signature="(System.Object[])" line-rate="1" branch-rate="1" complexity="4">
              <lines>
                <line number="32" hits="3" branch="False" />
                <line number="34" hits="4" branch="True" condition-coverage="100% (4/4)">
                  <conditions>
                    <condition number="9" type="jump" coverage="100%" />
                    <condition number="13" type="jump" coverage="100%" />
                  </conditions>
                </line>
                <line number="36" hits="3" branch="False" />
              </lines>
            </method>
            <method name=".ctor" signature="(System.Linq.Expressions.LambdaExpression)" line-rate="1" branch-rate="1" complexity="1">
              <lines>
                <line number="21" hits="1" branch="False" />
                <line number="23" hits="1" branch="False" />
              </lines>
            </method>
          </methods>
          <lines>
            <line number="32" hits="3" branch="False" />
            <line number="34" hits="4" branch="True" condition-coverage="100% (4/4)">
              <conditions>
                <condition number="9" type="jump" coverage="100%" />
                <condition number="13" type="jump" coverage="100%" />
              </conditions>
            </line>
            <line number="36" hits="3" branch="False" />
            <line number="21" hits="1" branch="False" />
            <line number="23" hits="1" branch="False" />
          </lines>
        </class>
        <class name="LightMock.The`1" filename="The.cs" line-rate="1" branch-rate="1" complexity="2">
          <methods>
            <method name="get_IsAnyValue" signature="()" line-rate="1" branch-rate="1" complexity="1">
              <lines>
                <line number="44" hits="1" branch="False" />
              </lines>
            </method>
            <method name="Is" signature="(System.Func`2&lt;TValue,System.Boolean&gt;)" line-rate="1" branch-rate="1" complexity="1">
              <lines>
                <line number="55" hits="1" branch="False" />
              </lines>
            </method>
          </methods>
          <lines>
            <line number="44" hits="1" branch="False" />
            <line number="55" hits="1" branch="False" />
          </lines>
        </class>
      </classes>
    </package>
  </packages>
</coverage>